[2014-08-28 08:10:46] myapp.ERROR: Symfony\Component\HttpKernel\Exception\NotFoundHttpException: No route found for "GET /" (from "https://www.spikaent.com/dev/spikaenterprise_web/Admin/") (uncaught exception) at /var/www/www.spikaent.com/dev/spikaenterprise_web/Admin/vendor/symfony/http-kernel/Symfony/Component/HttpKernel/EventListener/RouterListener.php line 145 {"exception":"[object] (Symfony\\Component\\HttpKernel\\Exception\\NotFoundHttpException: No route found for \"GET /\" (from \"https://www.spikaent.com/dev/spikaenterprise_web/Admin/\") at /var/www/www.spikaent.com/dev/spikaenterprise_web/Admin/vendor/symfony/http-kernel/Symfony/Component/HttpKernel/EventListener/RouterListener.php:145, Symfony\\Component\\Routing\\Exception\\ResourceNotFoundException:  at /var/www/www.spikaent.com/dev/spikaenterprise_web/Admin/vendor/symfony/routing/Symfony/Component/Routing/Matcher/UrlMatcher.php:96)"} []
[2014-08-28 08:10:46] myapp.INFO: < 404 [] []
[2014-08-28 08:16:24] myapp.ERROR: Symfony\Component\HttpKernel\Exception\NotFoundHttpException: No route found for "GET /dev/" (uncaught exception) at /var/www/www.spikaent.com/dev/spikaenterprise_web/Admin/vendor/symfony/http-kernel/Symfony/Component/HttpKernel/EventListener/RouterListener.php line 145 {"exception":"[object] (Symfony\\Component\\HttpKernel\\Exception\\NotFoundHttpException: No route found for \"GET /dev/\" at /var/www/www.spikaent.com/dev/spikaenterprise_web/Admin/vendor/symfony/http-kernel/Symfony/Component/HttpKernel/EventListener/RouterListener.php:145, Symfony\\Component\\Routing\\Exception\\ResourceNotFoundException:  at /var/www/www.spikaent.com/dev/spikaenterprise_web/Admin/vendor/symfony/routing/Symfony/Component/Routing/Matcher/UrlMatcher.php:96)"} []
[2014-08-28 08:16:24] myapp.INFO: < 404 [] []
[2014-08-28 08:20:27] myapp.ERROR: Symfony\Component\HttpKernel\Exception\NotFoundHttpException: No route found for "GET /" (uncaught exception) at /var/www/www.spikaent.com/dev/spikaenterprise_web/Admin/vendor/symfony/http-kernel/Symfony/Component/HttpKernel/EventListener/RouterListener.php line 145 {"exception":"[object] (Symfony\\Component\\HttpKernel\\Exception\\NotFoundHttpException: No route found for \"GET /\" at /var/www/www.spikaent.com/dev/spikaenterprise_web/Admin/vendor/symfony/http-kernel/Symfony/Component/HttpKernel/EventListener/RouterListener.php:145, Symfony\\Component\\Routing\\Exception\\ResourceNotFoundException:  at /var/www/www.spikaent.com/dev/spikaenterprise_web/Admin/vendor/symfony/routing/Symfony/Component/Routing/Matcher/UrlMatcher.php:96)"} []
[2014-08-28 08:20:27] myapp.INFO: < 404 [] []
[2014-08-28 08:20:32] myapp.ERROR: Symfony\Component\HttpKernel\Exception\NotFoundHttpException: No route found for "GET /dev/admin/login" (uncaught exception) at /var/www/www.spikaent.com/dev/spikaenterprise_web/Admin/vendor/symfony/http-kernel/Symfony/Component/HttpKernel/EventListener/RouterListener.php line 145 {"exception":"[object] (Symfony\\Component\\HttpKernel\\Exception\\NotFoundHttpException: No route found for \"GET /dev/admin/login\" at /var/www/www.spikaent.com/dev/spikaenterprise_web/Admin/vendor/symfony/http-kernel/Symfony/Component/HttpKernel/EventListener/RouterListener.php:145, Symfony\\Component\\Routing\\Exception\\ResourceNotFoundException:  at /var/www/www.spikaent.com/dev/spikaenterprise_web/Admin/vendor/symfony/routing/Symfony/Component/Routing/Matcher/UrlMatcher.php:96)"} []
[2014-08-28 08:20:32] myapp.INFO: < 404 [] []
[2014-08-28 08:20:39] myapp.ERROR: Symfony\Component\HttpKernel\Exception\NotFoundHttpException: No route found for "GET /" (uncaught exception) at /var/www/www.spikaent.com/dev/spikaenterprise_web/Admin/vendor/symfony/http-kernel/Symfony/Component/HttpKernel/EventListener/RouterListener.php line 145 {"exception":"[object] (Symfony\\Component\\HttpKernel\\Exception\\NotFoundHttpException: No route found for \"GET /\" at /var/www/www.spikaent.com/dev/spikaenterprise_web/Admin/vendor/symfony/http-kernel/Symfony/Component/HttpKernel/EventListener/RouterListener.php:145, Symfony\\Component\\Routing\\Exception\\ResourceNotFoundException:  at /var/www/www.spikaent.com/dev/spikaenterprise_web/Admin/vendor/symfony/routing/Symfony/Component/Routing/Matcher/UrlMatcher.php:96)"} []
[2014-08-28 08:20:39] myapp.INFO: < 404 [] []
[2014-08-28 08:21:20] myapp.INFO: Matched route "_GET_" (parameters: "_controller": "{}", "_route": "_GET_") [] []
[2014-08-28 08:21:20] myapp.INFO: > GET /dev/admin/ [] []
[2014-08-28 08:21:20] myapp.INFO: < 200 [] []
[2014-08-28 08:22:11] myapp.INFO: Matched route "_GET_" (parameters: "_controller": "{}", "_route": "_GET_") [] []
[2014-08-28 08:22:11] myapp.INFO: > GET /dev/admin/ [] []
[2014-08-28 08:22:11] myapp.INFO: < 200 [] []
[2014-08-28 08:22:20] myapp.ERROR: Symfony\Component\HttpKernel\Exception\NotFoundHttpException: No route found for "POST /dev/admin/login" (from "https://www.spikaent.com/dev/admin/") (uncaught exception) at /var/www/www.spikaent.com/dev/spikaenterprise_web/Admin/vendor/symfony/http-kernel/Symfony/Component/HttpKernel/EventListener/RouterListener.php line 145 {"exception":"[object] (Symfony\\Component\\HttpKernel\\Exception\\NotFoundHttpException: No route found for \"POST /dev/admin/login\" (from \"https://www.spikaent.com/dev/admin/\") at /var/www/www.spikaent.com/dev/spikaenterprise_web/Admin/vendor/symfony/http-kernel/Symfony/Component/HttpKernel/EventListener/RouterListener.php:145, Symfony\\Component\\Routing\\Exception\\ResourceNotFoundException:  at /var/www/www.spikaent.com/dev/spikaenterprise_web/Admin/vendor/symfony/routing/Symfony/Component/Routing/Matcher/UrlMatcher.php:96)"} []
[2014-08-28 08:22:20] myapp.INFO: < 404 [] []
[2014-08-28 08:24:54] myapp.INFO: Matched route "_POST_login" (parameters: "_controller": "{}", "_route": "_POST_login") [] []
[2014-08-28 08:24:54] myapp.INFO: > POST /dev/admin/login [] []
[2014-08-28 08:24:54] myapp.INFO: < 302 https://www.spikaent.com/dev/admin/dashboard [] []
[2014-08-28 08:24:54] myapp.INFO: Matched route "" (parameters: "_controller": "{}", "_route": "null", "url": "/dev/admin/dashboard/") [] []
[2014-08-28 08:24:54] myapp.INFO: > GET /dev/admin/dashboard [] []
[2014-08-28 08:24:54] myapp.INFO: < 301 /dev/admin/dashboard/ [] []
[2014-08-28 08:24:54] myapp.INFO: Matched route "_dashboardGET_" (parameters: "_controller": "{}", "_route": "_dashboardGET_") [] []
[2014-08-28 08:24:54] myapp.INFO: > GET /dev/admin/dashboard/ [] []
[2014-08-28 08:24:54] myapp.INFO: < 200 [] []
[2014-08-28 08:24:56] myapp.ERROR: Symfony\Component\HttpKernel\Exception\NotFoundHttpException: No route found for "GET /dashboard/favicon.ico" (uncaught exception) at /var/www/www.spikaent.com/dev/spikaenterprise_web/Admin/vendor/symfony/http-kernel/Symfony/Component/HttpKernel/EventListener/RouterListener.php line 145 {"exception":"[object] (Symfony\\Component\\HttpKernel\\Exception\\NotFoundHttpException: No route found for \"GET /dashboard/favicon.ico\" at /var/www/www.spikaent.com/dev/spikaenterprise_web/Admin/vendor/symfony/http-kernel/Symfony/Component/HttpKernel/EventListener/RouterListener.php:145, Symfony\\Component\\Routing\\Exception\\ResourceNotFoundException:  at /var/www/www.spikaent.com/dev/spikaenterprise_web/Admin/vendor/symfony/routing/Symfony/Component/Routing/Matcher/UrlMatcher.php:96)"} []
[2014-08-28 08:24:56] myapp.INFO: < 404 [] []
[2014-08-28 08:24:57] myapp.INFO: Matched route "" (parameters: "_controller": "{}", "_route": "null", "url": "/dev/admin/users/") [] []
[2014-08-28 08:24:57] myapp.INFO: > GET /dev/admin/users [] []
[2014-08-28 08:24:57] myapp.INFO: < 301 /dev/admin/users/ [] []
[2014-08-28 08:24:57] myapp.INFO: Matched route "_usersGET_" (parameters: "_controller": "{}", "_route": "_usersGET_") [] []
[2014-08-28 08:24:57] myapp.INFO: > GET /dev/admin/users/ [] []
[2014-08-28 08:24:57] myapp.CRITICAL: PDOException: SQLSTATE[42000] [1049] Unknown database 'spika_enterprise_db' (uncaught exception) at /var/www/www.spikaent.com/dev/spikaenterprise_web/Admin/vendor/doctrine/dbal/lib/Doctrine/DBAL/Driver/PDOConnection.php line 36 {"exception":"[object] (PDOException: SQLSTATE[42000] [1049] Unknown database 'spika_enterprise_db' at /var/www/www.spikaent.com/dev/spikaenterprise_web/Admin/vendor/doctrine/dbal/lib/Doctrine/DBAL/Driver/PDOConnection.php:36)"} []
[2014-08-28 08:24:57] myapp.INFO: < 500 [] []
[2014-08-28 08:26:29] myapp.INFO: Matched route "" (parameters: "_controller": "{}", "_route": "null", "url": "/dev/admin/users/") [] []
[2014-08-28 08:26:29] myapp.INFO: > GET /dev/admin/users [] []
[2014-08-28 08:26:29] myapp.INFO: < 301 /dev/admin/users/ [] []
[2014-08-28 08:26:29] myapp.INFO: Matched route "_usersGET_" (parameters: "_controller": "{}", "_route": "_usersGET_") [] []
[2014-08-28 08:26:29] myapp.INFO: > GET /dev/admin/users/ [] []
[2014-08-28 08:26:29] myapp.INFO: < 200 [] []
[2014-08-28 08:26:29] myapp.ERROR: Symfony\Component\HttpKernel\Exception\NotFoundHttpException: No route found for "GET /users/favicon.ico" (uncaught exception) at /var/www/www.spikaent.com/dev/spikaenterprise_web/Admin/vendor/symfony/http-kernel/Symfony/Component/HttpKernel/EventListener/RouterListener.php line 145 {"exception":"[object] (Symfony\\Component\\HttpKernel\\Exception\\NotFoundHttpException: No route found for \"GET /users/favicon.ico\" at /var/www/www.spikaent.com/dev/spikaenterprise_web/Admin/vendor/symfony/http-kernel/Symfony/Component/HttpKernel/EventListener/RouterListener.php:145, Symfony\\Component\\Routing\\Exception\\ResourceNotFoundException:  at /var/www/www.spikaent.com/dev/spikaenterprise_web/Admin/vendor/symfony/routing/Symfony/Component/Routing/Matcher/UrlMatcher.php:96)"} []
[2014-08-28 08:26:29] myapp.INFO: < 404 [] []
[2014-08-28 08:26:31] myapp.INFO: Matched route "" (parameters: "_controller": "{}", "_route": "null", "url": "/dev/admin/groups/") [] []
[2014-08-28 08:26:31] myapp.INFO: > GET /dev/admin/groups [] []
[2014-08-28 08:26:31] myapp.INFO: < 301 /dev/admin/groups/ [] []
[2014-08-28 08:26:31] myapp.INFO: Matched route "_groupsGET_" (parameters: "_controller": "{}", "_route": "_groupsGET_") [] []
[2014-08-28 08:26:31] myapp.INFO: > GET /dev/admin/groups/ [] []
[2014-08-28 08:26:31] myapp.INFO: < 200 [] []
[2014-08-28 08:26:31] myapp.ERROR: Symfony\Component\HttpKernel\Exception\NotFoundHttpException: No route found for "GET /groups/favicon.ico" (uncaught exception) at /var/www/www.spikaent.com/dev/spikaenterprise_web/Admin/vendor/symfony/http-kernel/Symfony/Component/HttpKernel/EventListener/RouterListener.php line 145 {"exception":"[object] (Symfony\\Component\\HttpKernel\\Exception\\NotFoundHttpException: No route found for \"GET /groups/favicon.ico\" at /var/www/www.spikaent.com/dev/spikaenterprise_web/Admin/vendor/symfony/http-kernel/Symfony/Component/HttpKernel/EventListener/RouterListener.php:145, Symfony\\Component\\Routing\\Exception\\ResourceNotFoundException:  at /var/www/www.spikaent.com/dev/spikaenterprise_web/Admin/vendor/symfony/routing/Symfony/Component/Routing/Matcher/UrlMatcher.php:96)"} []
[2014-08-28 08:26:31] myapp.INFO: < 404 [] []
[2014-08-28 08:26:32] myapp.INFO: Matched route "" (parameters: "_controller": "{}", "_route": "null", "url": "/dev/admin/chats/") [] []
[2014-08-28 08:26:32] myapp.INFO: > GET /dev/admin/chats [] []
[2014-08-28 08:26:32] myapp.INFO: < 301 /dev/admin/chats/ [] []
[2014-08-28 08:26:32] myapp.INFO: Matched route "_chatsGET_" (parameters: "_controller": "{}", "_route": "_chatsGET_") [] []
[2014-08-28 08:26:32] myapp.INFO: > GET /dev/admin/chats/ [] []
[2014-08-28 08:26:32] myapp.INFO: < 200 [] []
[2014-08-28 08:26:32] myapp.ERROR: Symfony\Component\HttpKernel\Exception\NotFoundHttpException: No route found for "GET /chats/favicon.ico" (uncaught exception) at /var/www/www.spikaent.com/dev/spikaenterprise_web/Admin/vendor/symfony/http-kernel/Symfony/Component/HttpKernel/EventListener/RouterListener.php line 145 {"exception":"[object] (Symfony\\Component\\HttpKernel\\Exception\\NotFoundHttpException: No route found for \"GET /chats/favicon.ico\" at /var/www/www.spikaent.com/dev/spikaenterprise_web/Admin/vendor/symfony/http-kernel/Symfony/Component/HttpKernel/EventListener/RouterListener.php:145, Symfony\\Component\\Routing\\Exception\\ResourceNotFoundException:  at /var/www/www.spikaent.com/dev/spikaenterprise_web/Admin/vendor/symfony/routing/Symfony/Component/Routing/Matcher/UrlMatcher.php:96)"} []
[2014-08-28 08:26:32] myapp.INFO: < 404 [] []
[2014-08-28 08:39:01] myapp.INFO: Matched route "_GET_" (parameters: "_controller": "{}", "_route": "_GET_") [] []
[2014-08-28 08:39:01] myapp.INFO: > GET /dev/admin/ [] []
[2014-08-28 08:39:01] myapp.INFO: < 200 [] []
[2014-08-28 10:30:02] myapp.INFO: Matched route "_GET_" (parameters: "_controller": "{}", "_route": "_GET_") [] []
[2014-08-28 10:30:02] myapp.INFO: > GET /dev/admin/ [] []
[2014-08-28 10:30:02] myapp.INFO: < 200 [] []
[2014-08-28 10:30:20] myapp.INFO: Matched route "_POST_login" (parameters: "_controller": "{}", "_route": "_POST_login") [] []
[2014-08-28 10:30:20] myapp.INFO: > POST /dev/admin/login [] []
[2014-08-28 10:30:20] myapp.CRITICAL: Twig_Error_Runtime: Variable "username" does not exist in "login.twig" at line 65 (uncaught exception) at /var/www/www.spikaent.com/dev/spikaenterprise_web/Admin/vendor/twig/twig/lib/Twig/Template.php line 332 {"exception":"[object] (Twig_Error_Runtime: Variable \"username\" does not exist in \"login.twig\" at line 65 at /var/www/www.spikaent.com/dev/spikaenterprise_web/Admin/vendor/twig/twig/lib/Twig/Template.php:332)"} []
[2014-08-28 10:30:20] myapp.INFO: < 500 [] []
[2014-08-28 10:30:27] myapp.INFO: Matched route "_GET_" (parameters: "_controller": "{}", "_route": "_GET_") [] []
[2014-08-28 10:30:27] myapp.INFO: > GET /dev/admin/ [] []
[2014-08-28 10:30:27] myapp.INFO: < 200 [] []
[2014-08-28 10:30:41] myapp.INFO: Matched route "_POST_login" (parameters: "_controller": "{}", "_route": "_POST_login") [] []
[2014-08-28 10:30:41] myapp.INFO: > POST /dev/admin/login [] []
[2014-08-28 10:30:41] myapp.CRITICAL: Twig_Error_Runtime: Variable "username" does not exist in "login.twig" at line 65 (uncaught exception) at /var/www/www.spikaent.com/dev/spikaenterprise_web/Admin/vendor/twig/twig/lib/Twig/Template.php line 332 {"exception":"[object] (Twig_Error_Runtime: Variable \"username\" does not exist in \"login.twig\" at line 65 at /var/www/www.spikaent.com/dev/spikaenterprise_web/Admin/vendor/twig/twig/lib/Twig/Template.php:332)"} []
[2014-08-28 10:30:41] myapp.INFO: < 500 [] []
[2014-08-28 10:30:44] myapp.INFO: Matched route "_GET_" (parameters: "_controller": "{}", "_route": "_GET_") [] []
[2014-08-28 10:30:44] myapp.INFO: > GET /dev/admin/ [] []
[2014-08-28 10:30:45] myapp.INFO: < 200 [] []
[2014-08-28 10:30:53] myapp.INFO: Matched route "_POST_login" (parameters: "_controller": "{}", "_route": "_POST_login") [] []
[2014-08-28 10:30:53] myapp.INFO: > POST /dev/admin/login [] []
[2014-08-28 10:30:53] myapp.CRITICAL: Twig_Error_Runtime: Variable "username" does not exist in "login.twig" at line 65 (uncaught exception) at /var/www/www.spikaent.com/dev/spikaenterprise_web/Admin/vendor/twig/twig/lib/Twig/Template.php line 332 {"exception":"[object] (Twig_Error_Runtime: Variable \"username\" does not exist in \"login.twig\" at line 65 at /var/www/www.spikaent.com/dev/spikaenterprise_web/Admin/vendor/twig/twig/lib/Twig/Template.php:332)"} []
[2014-08-28 10:30:54] myapp.INFO: < 500 [] []
[2014-08-28 10:30:57] myapp.INFO: Matched route "_GET_" (parameters: "_controller": "{}", "_route": "_GET_") [] []
[2014-08-28 10:30:57] myapp.INFO: > GET /dev/admin/ [] []
[2014-08-28 10:30:57] myapp.INFO: < 200 [] []
[2014-08-28 10:31:04] myapp.INFO: Matched route "_POST_login" (parameters: "_controller": "{}", "_route": "_POST_login") [] []
[2014-08-28 10:31:04] myapp.INFO: > POST /dev/admin/login [] []
[2014-08-28 10:31:04] myapp.INFO: < 302 https://www.spikaent.com/dev/admin/dashboard [] []
[2014-08-28 10:31:04] myapp.INFO: Matched route "" (parameters: "_controller": "{}", "_route": "null", "url": "/dev/admin/dashboard/") [] []
[2014-08-28 10:31:04] myapp.INFO: > GET /dev/admin/dashboard [] []
[2014-08-28 10:31:04] myapp.INFO: < 301 /dev/admin/dashboard/ [] []
[2014-08-28 10:31:04] myapp.INFO: Matched route "_dashboardGET_" (parameters: "_controller": "{}", "_route": "_dashboardGET_") [] []
[2014-08-28 10:31:04] myapp.INFO: > GET /dev/admin/dashboard/ [] []
[2014-08-28 10:31:04] myapp.INFO: < 200 [] []
[2014-08-28 10:31:06] myapp.ERROR: Symfony\Component\HttpKernel\Exception\NotFoundHttpException: No route found for "GET /dashboard/favicon.ico" (uncaught exception) at /var/www/www.spikaent.com/dev/spikaenterprise_web/Admin/vendor/symfony/http-kernel/Symfony/Component/HttpKernel/EventListener/RouterListener.php line 145 {"exception":"[object] (Symfony\\Component\\HttpKernel\\Exception\\NotFoundHttpException: No route found for \"GET /dashboard/favicon.ico\" at /var/www/www.spikaent.com/dev/spikaenterprise_web/Admin/vendor/symfony/http-kernel/Symfony/Component/HttpKernel/EventListener/RouterListener.php:145, Symfony\\Component\\Routing\\Exception\\ResourceNotFoundException:  at /var/www/www.spikaent.com/dev/spikaenterprise_web/Admin/vendor/symfony/routing/Symfony/Component/Routing/Matcher/UrlMatcher.php:96)"} []
[2014-08-28 10:31:06] myapp.INFO: < 404 [] []
[2014-08-28 10:31:06] myapp.ERROR: Symfony\Component\HttpKernel\Exception\NotFoundHttpException: No route found for "GET /dashboard/favicon.ico" (uncaught exception) at /var/www/www.spikaent.com/dev/spikaenterprise_web/Admin/vendor/symfony/http-kernel/Symfony/Component/HttpKernel/EventListener/RouterListener.php line 145 {"exception":"[object] (Symfony\\Component\\HttpKernel\\Exception\\NotFoundHttpException: No route found for \"GET /dashboard/favicon.ico\" at /var/www/www.spikaent.com/dev/spikaenterprise_web/Admin/vendor/symfony/http-kernel/Symfony/Component/HttpKernel/EventListener/RouterListener.php:145, Symfony\\Component\\Routing\\Exception\\ResourceNotFoundException:  at /var/www/www.spikaent.com/dev/spikaenterprise_web/Admin/vendor/symfony/routing/Symfony/Component/Routing/Matcher/UrlMatcher.php:96)"} []
[2014-08-28 10:31:06] myapp.INFO: < 404 [] []
[2014-08-28 10:31:33] myapp.INFO: Matched route "" (parameters: "_controller": "{}", "_route": "null", "url": "/dev/admin/users/") [] []
[2014-08-28 10:31:33] myapp.INFO: > GET /dev/admin/users [] []
[2014-08-28 10:31:33] myapp.INFO: < 301 /dev/admin/users/ [] []
[2014-08-28 10:31:34] myapp.INFO: Matched route "_usersGET_" (parameters: "_controller": "{}", "_route": "_usersGET_") [] []
[2014-08-28 10:31:34] myapp.INFO: > GET /dev/admin/users/ [] []
[2014-08-28 10:31:34] myapp.INFO: < 200 [] []
[2014-08-28 10:31:35] myapp.ERROR: Symfony\Component\HttpKernel\Exception\NotFoundHttpException: No route found for "GET /users/favicon.ico" (uncaught exception) at /var/www/www.spikaent.com/dev/spikaenterprise_web/Admin/vendor/symfony/http-kernel/Symfony/Component/HttpKernel/EventListener/RouterListener.php line 145 {"exception":"[object] (Symfony\\Component\\HttpKernel\\Exception\\NotFoundHttpException: No route found for \"GET /users/favicon.ico\" at /var/www/www.spikaent.com/dev/spikaenterprise_web/Admin/vendor/symfony/http-kernel/Symfony/Component/HttpKernel/EventListener/RouterListener.php:145, Symfony\\Component\\Routing\\Exception\\ResourceNotFoundException:  at /var/www/www.spikaent.com/dev/spikaenterprise_web/Admin/vendor/symfony/routing/Symfony/Component/Routing/Matcher/UrlMatcher.php:96)"} []
[2014-08-28 10:31:35] myapp.INFO: < 404 [] []
[2014-08-28 10:31:36] myapp.ERROR: Symfony\Component\HttpKernel\Exception\NotFoundHttpException: No route found for "GET /users/favicon.ico" (uncaught exception) at /var/www/www.spikaent.com/dev/spikaenterprise_web/Admin/vendor/symfony/http-kernel/Symfony/Component/HttpKernel/EventListener/RouterListener.php line 145 {"exception":"[object] (Symfony\\Component\\HttpKernel\\Exception\\NotFoundHttpException: No route found for \"GET /users/favicon.ico\" at /var/www/www.spikaent.com/dev/spikaenterprise_web/Admin/vendor/symfony/http-kernel/Symfony/Component/HttpKernel/EventListener/RouterListener.php:145, Symfony\\Component\\Routing\\Exception\\ResourceNotFoundException:  at /var/www/www.spikaent.com/dev/spikaenterprise_web/Admin/vendor/symfony/routing/Symfony/Component/Routing/Matcher/UrlMatcher.php:96)"} []
[2014-08-28 10:31:36] myapp.INFO: < 404 [] []
[2014-08-28 10:31:37] myapp.INFO: Matched route "_usersGET_add" (parameters: "_controller": "{}", "_route": "_usersGET_add") [] []
[2014-08-28 10:31:37] myapp.INFO: > GET /dev/admin/users/add [] []
[2014-08-28 10:31:37] myapp.INFO: < 200 [] []
[2014-08-28 10:32:03] myapp.INFO: Matched route "_usersPOST_add" (parameters: "_controller": "{}", "_route": "_usersPOST_add") [] []
[2014-08-28 10:32:03] myapp.INFO: > POST /dev/admin/users/add [] []
[2014-08-28 10:32:03] myapp.INFO: < 200 [] []
[2014-08-28 10:32:08] myapp.INFO: Matched route "" (parameters: "_controller": "{}", "_route": "null", "url": "/dev/admin/users/") [] []
[2014-08-28 10:32:08] myapp.INFO: > GET /dev/admin/users [] []
[2014-08-28 10:32:08] myapp.INFO: < 301 /dev/admin/users/ [] []
[2014-08-28 10:32:08] myapp.INFO: Matched route "_usersGET_" (parameters: "_controller": "{}", "_route": "_usersGET_") [] []
[2014-08-28 10:32:08] myapp.INFO: > GET /dev/admin/users/ [] []
[2014-08-28 10:32:08] myapp.INFO: < 200 [] []
[2014-08-28 13:07:57] myapp.INFO: Matched route "_GET_" (parameters: "_controller": "{}", "_route": "_GET_") [] []
[2014-08-28 13:07:57] myapp.INFO: > GET /dev/admin/ [] []
[2014-08-28 13:07:57] myapp.INFO: < 200 [] []
[2014-08-28 13:08:00] myapp.INFO: Matched route "_POST_login" (parameters: "_controller": "{}", "_route": "_POST_login") [] []
[2014-08-28 13:08:00] myapp.INFO: > POST /dev/admin/login [] []
[2014-08-28 13:08:00] myapp.INFO: < 302 https://www.spikaent.com/dev/admin/dashboard [] []
[2014-08-28 13:08:01] myapp.INFO: Matched route "" (parameters: "_controller": "{}", "_route": "null", "url": "/dev/admin/dashboard/") [] []
[2014-08-28 13:08:01] myapp.INFO: > GET /dev/admin/dashboard [] []
[2014-08-28 13:08:01] myapp.INFO: < 301 /dev/admin/dashboard/ [] []
[2014-08-28 13:08:01] myapp.INFO: Matched route "_dashboardGET_" (parameters: "_controller": "{}", "_route": "_dashboardGET_") [] []
[2014-08-28 13:08:01] myapp.INFO: > GET /dev/admin/dashboard/ [] []
[2014-08-28 13:08:01] myapp.INFO: < 200 [] []
[2014-08-28 13:08:02] myapp.ERROR: Symfony\Component\HttpKernel\Exception\NotFoundHttpException: No route found for "GET /dashboard/favicon.ico" (uncaught exception) at /var/www/www.spikaent.com/dev/spikaenterprise_web/Admin/vendor/symfony/http-kernel/Symfony/Component/HttpKernel/EventListener/RouterListener.php line 145 {"exception":"[object] (Symfony\\Component\\HttpKernel\\Exception\\NotFoundHttpException: No route found for \"GET /dashboard/favicon.ico\" at /var/www/www.spikaent.com/dev/spikaenterprise_web/Admin/vendor/symfony/http-kernel/Symfony/Component/HttpKernel/EventListener/RouterListener.php:145, Symfony\\Component\\Routing\\Exception\\ResourceNotFoundException:  at /var/www/www.spikaent.com/dev/spikaenterprise_web/Admin/vendor/symfony/routing/Symfony/Component/Routing/Matcher/UrlMatcher.php:96)"} []
[2014-08-28 13:08:02] myapp.INFO: < 404 [] []
[2014-08-28 13:08:02] myapp.INFO: Matched route "" (parameters: "_controller": "{}", "_route": "null", "url": "/dev/admin/users/") [] []
[2014-08-28 13:08:02] myapp.INFO: > GET /dev/admin/users [] []
[2014-08-28 13:08:02] myapp.INFO: < 301 /dev/admin/users/ [] []
[2014-08-28 13:08:03] myapp.INFO: Matched route "_usersGET_" (parameters: "_controller": "{}", "_route": "_usersGET_") [] []
[2014-08-28 13:08:03] myapp.INFO: > GET /dev/admin/users/ [] []
[2014-08-28 13:08:03] myapp.INFO: < 200 [] []
[2014-08-28 13:08:03] myapp.ERROR: Symfony\Component\HttpKernel\Exception\NotFoundHttpException: No route found for "GET /users/favicon.ico" (uncaught exception) at /var/www/www.spikaent.com/dev/spikaenterprise_web/Admin/vendor/symfony/http-kernel/Symfony/Component/HttpKernel/EventListener/RouterListener.php line 145 {"exception":"[object] (Symfony\\Component\\HttpKernel\\Exception\\NotFoundHttpException: No route found for \"GET /users/favicon.ico\" at /var/www/www.spikaent.com/dev/spikaenterprise_web/Admin/vendor/symfony/http-kernel/Symfony/Component/HttpKernel/EventListener/RouterListener.php:145, Symfony\\Component\\Routing\\Exception\\ResourceNotFoundException:  at /var/www/www.spikaent.com/dev/spikaenterprise_web/Admin/vendor/symfony/routing/Symfony/Component/Routing/Matcher/UrlMatcher.php:96)"} []
[2014-08-28 13:08:03] myapp.INFO: < 404 [] []
[2014-08-28 13:08:08] myapp.INFO: Matched route "_usersGET_" (parameters: "_controller": "{}", "_route": "_usersGET_") [] []
[2014-08-28 13:08:08] myapp.INFO: > GET /dev/admin/users/ [] []
[2014-08-28 13:08:08] myapp.INFO: < 200 [] []
[2014-08-28 13:08:12] myapp.INFO: Matched route "_usersGET_add" (parameters: "_controller": "{}", "_route": "_usersGET_add") [] []
[2014-08-28 13:08:12] myapp.INFO: > GET /dev/admin/users/add [] []
[2014-08-28 13:08:13] myapp.INFO: < 200 [] []
[2014-08-28 13:08:24] myapp.INFO: Matched route "_usersPOST_add" (parameters: "_controller": "{}", "_route": "_usersPOST_add") [] []
[2014-08-28 13:08:24] myapp.INFO: > POST /dev/admin/users/add [] []
[2014-08-28 13:08:24] myapp.INFO: < 200 [] []
[2014-08-28 13:08:29] myapp.ERROR: Symfony\Component\HttpKernel\Exception\NotFoundHttpException: No route found for "GET /assets/plugins/jQuery-lib/2.0.3/jquery.min.map" (from "https://www.spikaent.com/dev/admin/users/add") (uncaught exception) at /var/www/www.spikaent.com/dev/spikaenterprise_web/Admin/vendor/symfony/http-kernel/Symfony/Component/HttpKernel/EventListener/RouterListener.php line 145 {"exception":"[object] (Symfony\\Component\\HttpKernel\\Exception\\NotFoundHttpException: No route found for \"GET /assets/plugins/jQuery-lib/2.0.3/jquery.min.map\" (from \"https://www.spikaent.com/dev/admin/users/add\") at /var/www/www.spikaent.com/dev/spikaenterprise_web/Admin/vendor/symfony/http-kernel/Symfony/Component/HttpKernel/EventListener/RouterListener.php:145, Symfony\\Component\\Routing\\Exception\\ResourceNotFoundException:  at /var/www/www.spikaent.com/dev/spikaenterprise_web/Admin/vendor/symfony/routing/Symfony/Component/Routing/Matcher/UrlMatcher.php:96)"} []
[2014-08-28 13:08:29] myapp.INFO: < 404 [] []
[2014-08-28 13:14:30] myapp.INFO: Matched route "" (parameters: "_controller": "{}", "_route": "null", "url": "/dev/admin/users/") [] []
[2014-08-28 13:14:30] myapp.INFO: > GET /dev/admin/users [] []
[2014-08-28 13:14:30] myapp.INFO: < 301 /dev/admin/users/ [] []
[2014-08-28 13:14:30] myapp.INFO: Matched route "_usersGET_" (parameters: "_controller": "{}", "_route": "_usersGET_") [] []
[2014-08-28 13:14:30] myapp.INFO: > GET /dev/admin/users/ [] []
[2014-08-28 13:14:30] myapp.INFO: < 200 [] []
[2014-08-28 13:14:32] myapp.INFO: Matched route "_usersGET_add" (parameters: "_controller": "{}", "_route": "_usersGET_add") [] []
[2014-08-28 13:14:32] myapp.INFO: > GET /dev/admin/users/add [] []
[2014-08-28 13:14:32] myapp.INFO: < 200 [] []
[2014-08-28 13:14:43] myapp.INFO: Matched route "_usersPOST_add" (parameters: "_controller": "{}", "_route": "_usersPOST_add") [] []
[2014-08-28 13:14:43] myapp.INFO: > POST /dev/admin/users/add [] []
[2014-08-28 13:14:44] myapp.INFO: < 200 [] []
[2014-08-28 13:19:59] myapp.INFO: Matched route "_GET_" (parameters: "_controller": "{}", "_route": "_GET_") [] []
[2014-08-28 13:19:59] myapp.INFO: > GET /dev/admin/ [] []
[2014-08-28 13:19:59] myapp.INFO: < 200 [] []
[2014-08-28 13:20:09] myapp.INFO: Matched route "_POST_login" (parameters: "_controller": "{}", "_route": "_POST_login") [] []
[2014-08-28 13:20:09] myapp.INFO: > POST /dev/admin/login [] []
[2014-08-28 13:20:09] myapp.INFO: < 302 https://www.spikaent.com/dev/admin/dashboard [] []
[2014-08-28 13:20:09] myapp.INFO: Matched route "" (parameters: "_controller": "{}", "_route": "null", "url": "/dev/admin/dashboard/") [] []
[2014-08-28 13:20:09] myapp.INFO: > GET /dev/admin/dashboard [] []
[2014-08-28 13:20:09] myapp.INFO: < 301 /dev/admin/dashboard/ [] []
[2014-08-28 13:20:10] myapp.INFO: Matched route "_dashboardGET_" (parameters: "_controller": "{}", "_route": "_dashboardGET_") [] []
[2014-08-28 13:20:10] myapp.INFO: > GET /dev/admin/dashboard/ [] []
[2014-08-28 13:20:10] myapp.INFO: < 200 [] []
[2014-08-28 13:20:15] myapp.INFO: Matched route "" (parameters: "_controller": "{}", "_route": "null", "url": "/dev/admin/users/") [] []
[2014-08-28 13:20:15] myapp.INFO: > GET /dev/admin/users [] []
[2014-08-28 13:20:15] myapp.INFO: < 301 /dev/admin/users/ [] []
[2014-08-28 13:20:15] myapp.INFO: Matched route "_usersGET_" (parameters: "_controller": "{}", "_route": "_usersGET_") [] []
[2014-08-28 13:20:15] myapp.INFO: > GET /dev/admin/users/ [] []
[2014-08-28 13:20:15] myapp.INFO: < 200 [] []
[2014-08-28 13:20:20] myapp.INFO: Matched route "_usersGET_add" (parameters: "_controller": "{}", "_route": "_usersGET_add") [] []
[2014-08-28 13:20:20] myapp.INFO: > GET /dev/admin/users/add [] []
[2014-08-28 13:20:20] myapp.INFO: < 200 [] []
[2014-08-28 13:21:09] myapp.INFO: Matched route "_usersPOST_add" (parameters: "_controller": "{}", "_route": "_usersPOST_add") [] []
[2014-08-28 13:21:09] myapp.INFO: > POST /dev/admin/users/add [] []
[2014-08-28 13:21:09] myapp.INFO: < 200 [] []
[2014-08-28 13:22:48] myapp.INFO: Matched route "" (parameters: "_controller": "{}", "_route": "null", "url": "/dev/admin/users/") [] []
[2014-08-28 13:22:48] myapp.INFO: > GET /dev/admin/users [] []
[2014-08-28 13:22:48] myapp.INFO: < 301 /dev/admin/users/ [] []
[2014-08-28 13:22:48] myapp.INFO: Matched route "_usersGET_" (parameters: "_controller": "{}", "_route": "_usersGET_") [] []
[2014-08-28 13:22:48] myapp.INFO: > GET /dev/admin/users/ [] []
[2014-08-28 13:22:49] myapp.INFO: < 200 [] []
[2014-08-28 13:49:48] myapp.INFO: Matched route "_GET_" (parameters: "_controller": "{}", "_route": "_GET_") [] []
[2014-08-28 13:49:48] myapp.INFO: > GET /dev/admin/ [] []
[2014-08-28 13:49:48] myapp.INFO: < 200 [] []
[2014-08-28 13:55:08] myapp.INFO: Matched route "" (parameters: "_controller": "{}", "_route": "null", "url": "/dev/admin/dashboard/") [] []
[2014-08-28 13:55:08] myapp.INFO: > GET /dev/admin/dashboard [] []
[2014-08-28 13:55:08] myapp.INFO: < 301 /dev/admin/dashboard/ [] []
[2014-08-28 13:55:08] myapp.INFO: Matched route "" (parameters: "_controller": "{}", "_route": "null", "url": "/dev/admin/dashboard/") [] []
[2014-08-28 13:55:08] myapp.INFO: > GET /dev/admin/dashboard [] []
[2014-08-28 13:55:08] myapp.INFO: < 301 /dev/admin/dashboard/ [] []
[2014-08-28 13:55:08] myapp.INFO: Matched route "_dashboardGET_" (parameters: "_controller": "{}", "_route": "_dashboardGET_") [] []
[2014-08-28 13:55:08] myapp.INFO: > GET /dev/admin/dashboard/ [] []
[2014-08-28 13:55:09] myapp.INFO: < 200 [] []
[2014-08-28 13:55:11] myapp.ERROR: Symfony\Component\HttpKernel\Exception\NotFoundHttpException: No route found for "GET /dashboard/favicon.ico" (uncaught exception) at /var/www/www.spikaent.com/dev/spikaenterprise_web/Admin/vendor/symfony/http-kernel/Symfony/Component/HttpKernel/EventListener/RouterListener.php line 145 {"exception":"[object] (Symfony\\Component\\HttpKernel\\Exception\\NotFoundHttpException: No route found for \"GET /dashboard/favicon.ico\" at /var/www/www.spikaent.com/dev/spikaenterprise_web/Admin/vendor/symfony/http-kernel/Symfony/Component/HttpKernel/EventListener/RouterListener.php:145, Symfony\\Component\\Routing\\Exception\\ResourceNotFoundException:  at /var/www/www.spikaent.com/dev/spikaenterprise_web/Admin/vendor/symfony/routing/Symfony/Component/Routing/Matcher/UrlMatcher.php:96)"} []
[2014-08-28 13:55:11] myapp.INFO: < 404 [] []
[2014-08-28 14:00:44] myapp.INFO: Matched route "_GET_" (parameters: "_controller": "{}", "_route": "_GET_") [] []
[2014-08-28 14:00:44] myapp.INFO: > GET /dev/admin/ [] []
[2014-08-28 14:00:44] myapp.INFO: < 200 [] []
[2014-08-28 14:00:50] myapp.INFO: Matched route "_POST_login" (parameters: "_controller": "{}", "_route": "_POST_login") [] []
[2014-08-28 14:00:50] myapp.INFO: > POST /dev/admin/login [] []
[2014-08-28 14:00:50] myapp.INFO: < 302 https://www.spikaent.com/dev/admin/dashboard [] []
[2014-08-28 14:00:51] myapp.INFO: Matched route "" (parameters: "_controller": "{}", "_route": "null", "url": "/dev/admin/dashboard/") [] []
[2014-08-28 14:00:51] myapp.INFO: > GET /dev/admin/dashboard [] []
[2014-08-28 14:00:51] myapp.INFO: < 301 /dev/admin/dashboard/ [] []
[2014-08-28 14:00:51] myapp.INFO: Matched route "_dashboardGET_" (parameters: "_controller": "{}", "_route": "_dashboardGET_") [] []
[2014-08-28 14:00:51] myapp.INFO: > GET /dev/admin/dashboard/ [] []
[2014-08-28 14:00:51] myapp.INFO: < 200 [] []
[2014-08-28 14:00:52] myapp.ERROR: Symfony\Component\HttpKernel\Exception\NotFoundHttpException: No route found for "GET /dashboard/favicon.ico" (uncaught exception) at /var/www/www.spikaent.com/dev/spikaenterprise_web/Admin/vendor/symfony/http-kernel/Symfony/Component/HttpKernel/EventListener/RouterListener.php line 145 {"exception":"[object] (Symfony\\Component\\HttpKernel\\Exception\\NotFoundHttpException: No route found for \"GET /dashboard/favicon.ico\" at /var/www/www.spikaent.com/dev/spikaenterprise_web/Admin/vendor/symfony/http-kernel/Symfony/Component/HttpKernel/EventListener/RouterListener.php:145, Symfony\\Component\\Routing\\Exception\\ResourceNotFoundException:  at /var/www/www.spikaent.com/dev/spikaenterprise_web/Admin/vendor/symfony/routing/Symfony/Component/Routing/Matcher/UrlMatcher.php:96)"} []
[2014-08-28 14:00:52] myapp.INFO: < 404 [] []
[2014-08-28 14:00:53] myapp.INFO: Matched route "" (parameters: "_controller": "{}", "_route": "null", "url": "/dev/admin/users/") [] []
[2014-08-28 14:00:54] myapp.INFO: > GET /dev/admin/users [] []
[2014-08-28 14:00:54] myapp.INFO: < 301 /dev/admin/users/ [] []
[2014-08-28 14:00:54] myapp.INFO: Matched route "_usersGET_" (parameters: "_controller": "{}", "_route": "_usersGET_") [] []
[2014-08-28 14:00:54] myapp.INFO: > GET /dev/admin/users/ [] []
[2014-08-28 14:00:54] myapp.INFO: < 200 [] []
[2014-08-28 14:00:55] myapp.ERROR: Symfony\Component\HttpKernel\Exception\NotFoundHttpException: No route found for "GET /users/favicon.ico" (uncaught exception) at /var/www/www.spikaent.com/dev/spikaenterprise_web/Admin/vendor/symfony/http-kernel/Symfony/Component/HttpKernel/EventListener/RouterListener.php line 145 {"exception":"[object] (Symfony\\Component\\HttpKernel\\Exception\\NotFoundHttpException: No route found for \"GET /users/favicon.ico\" at /var/www/www.spikaent.com/dev/spikaenterprise_web/Admin/vendor/symfony/http-kernel/Symfony/Component/HttpKernel/EventListener/RouterListener.php:145, Symfony\\Component\\Routing\\Exception\\ResourceNotFoundException:  at /var/www/www.spikaent.com/dev/spikaenterprise_web/Admin/vendor/symfony/routing/Symfony/Component/Routing/Matcher/UrlMatcher.php:96)"} []
[2014-08-28 14:00:55] myapp.INFO: < 404 [] []
[2014-08-28 14:00:58] myapp.INFO: Matched route "_usersGET_add" (parameters: "_controller": "{}", "_route": "_usersGET_add") [] []
[2014-08-28 14:00:58] myapp.INFO: > GET /dev/admin/users/add [] []
[2014-08-28 14:00:58] myapp.INFO: < 200 [] []
[2014-08-28 14:01:11] myapp.INFO: Matched route "_usersPOST_add" (parameters: "_controller": "{}", "_route": "_usersPOST_add") [] []
[2014-08-28 14:01:11] myapp.INFO: > POST /dev/admin/users/add [] []
[2014-08-28 14:01:11] myapp.INFO: < 200 [] []
[2014-08-28 14:07:55] myapp.INFO: Matched route "_GET_" (parameters: "_controller": "{}", "_route": "_GET_") [] []
[2014-08-28 14:07:55] myapp.INFO: > GET /dev/admin/ [] []
[2014-08-28 14:07:55] myapp.INFO: < 200 [] []
[2014-08-28 14:08:01] myapp.INFO: Matched route "_POST_login" (parameters: "_controller": "{}", "_route": "_POST_login") [] []
[2014-08-28 14:08:01] myapp.INFO: > POST /dev/admin/login [] []
[2014-08-28 14:08:01] myapp.INFO: < 302 https://www.spikaent.com/dev/admin/dashboard [] []
[2014-08-28 14:08:01] myapp.INFO: Matched route "" (parameters: "_controller": "{}", "_route": "null", "url": "/dev/admin/dashboard/") [] []
[2014-08-28 14:08:01] myapp.INFO: > GET /dev/admin/dashboard [] []
[2014-08-28 14:08:01] myapp.INFO: < 301 /dev/admin/dashboard/ [] []
[2014-08-28 14:08:01] myapp.INFO: Matched route "_dashboardGET_" (parameters: "_controller": "{}", "_route": "_dashboardGET_") [] []
[2014-08-28 14:08:01] myapp.INFO: > GET /dev/admin/dashboard/ [] []
[2014-08-28 14:08:01] myapp.INFO: < 200 [] []
[2014-08-28 14:08:03] myapp.ERROR: Symfony\Component\HttpKernel\Exception\NotFoundHttpException: No route found for "GET /dashboard/favicon.ico" (uncaught exception) at /var/www/www.spikaent.com/dev/spikaenterprise_web/Admin/vendor/symfony/http-kernel/Symfony/Component/HttpKernel/EventListener/RouterListener.php line 145 {"exception":"[object] (Symfony\\Component\\HttpKernel\\Exception\\NotFoundHttpException: No route found for \"GET /dashboard/favicon.ico\" at /var/www/www.spikaent.com/dev/spikaenterprise_web/Admin/vendor/symfony/http-kernel/Symfony/Component/HttpKernel/EventListener/RouterListener.php:145, Symfony\\Component\\Routing\\Exception\\ResourceNotFoundException:  at /var/www/www.spikaent.com/dev/spikaenterprise_web/Admin/vendor/symfony/routing/Symfony/Component/Routing/Matcher/UrlMatcher.php:96)"} []
[2014-08-28 14:08:03] myapp.INFO: < 404 [] []
[2014-08-28 14:08:03] myapp.INFO: Matched route "" (parameters: "_controller": "{}", "_route": "null", "url": "/dev/admin/users/") [] []
[2014-08-28 14:08:03] myapp.INFO: > GET /dev/admin/users [] []
[2014-08-28 14:08:03] myapp.INFO: < 301 /dev/admin/users/ [] []
[2014-08-28 14:08:03] myapp.INFO: Matched route "_usersGET_" (parameters: "_controller": "{}", "_route": "_usersGET_") [] []
[2014-08-28 14:08:03] myapp.INFO: > GET /dev/admin/users/ [] []
[2014-08-28 14:08:04] myapp.INFO: < 200 [] []
[2014-08-28 14:08:05] myapp.ERROR: Symfony\Component\HttpKernel\Exception\NotFoundHttpException: No route found for "GET /users/favicon.ico" (uncaught exception) at /var/www/www.spikaent.com/dev/spikaenterprise_web/Admin/vendor/symfony/http-kernel/Symfony/Component/HttpKernel/EventListener/RouterListener.php line 145 {"exception":"[object] (Symfony\\Component\\HttpKernel\\Exception\\NotFoundHttpException: No route found for \"GET /users/favicon.ico\" at /var/www/www.spikaent.com/dev/spikaenterprise_web/Admin/vendor/symfony/http-kernel/Symfony/Component/HttpKernel/EventListener/RouterListener.php:145, Symfony\\Component\\Routing\\Exception\\ResourceNotFoundException:  at /var/www/www.spikaent.com/dev/spikaenterprise_web/Admin/vendor/symfony/routing/Symfony/Component/Routing/Matcher/UrlMatcher.php:96)"} []
[2014-08-28 14:08:05] myapp.INFO: < 404 [] []
[2014-08-28 14:08:07] myapp.INFO: Matched route "_usersGET_add" (parameters: "_controller": "{}", "_route": "_usersGET_add") [] []
[2014-08-28 14:08:07] myapp.INFO: > GET /dev/admin/users/add [] []
[2014-08-28 14:08:07] myapp.INFO: < 200 [] []
[2014-08-28 14:08:39] myapp.INFO: Matched route "_usersPOST_add" (parameters: "_controller": "{}", "_route": "_usersPOST_add") [] []
[2014-08-28 14:08:39] myapp.INFO: > POST /dev/admin/users/add [] []
[2014-08-28 14:08:39] myapp.INFO: < 200 [] []
[2014-08-28 14:08:56] myapp.INFO: Matched route "_usersPOST_add" (parameters: "_controller": "{}", "_route": "_usersPOST_add") [] []
[2014-08-28 14:08:56] myapp.INFO: > POST /dev/admin/users/add [] []
[2014-08-28 14:08:56] myapp.INFO: < 200 [] []
[2014-08-28 14:14:03] myapp.INFO: Matched route "_GET_" (parameters: "_controller": "{}", "_route": "_GET_") [] []
[2014-08-28 14:14:03] myapp.INFO: > GET /dev/admin/ [] []
[2014-08-28 14:14:03] myapp.INFO: < 200 [] []
[2014-08-28 14:14:27] myapp.INFO: Matched route "_POST_login" (parameters: "_controller": "{}", "_route": "_POST_login") [] []
[2014-08-28 14:14:27] myapp.INFO: > POST /dev/admin/login [] []
[2014-08-28 14:14:28] myapp.CRITICAL: Twig_Error_Runtime: Variable "username" does not exist in "login.twig" at line 65 (uncaught exception) at /var/www/www.spikaent.com/dev/spikaenterprise_web/Admin/vendor/twig/twig/lib/Twig/Template.php line 332 {"exception":"[object] (Twig_Error_Runtime: Variable \"username\" does not exist in \"login.twig\" at line 65 at /var/www/www.spikaent.com/dev/spikaenterprise_web/Admin/vendor/twig/twig/lib/Twig/Template.php:332)"} []
[2014-08-28 14:14:28] myapp.INFO: < 500 [] []
[2014-08-28 14:15:03] myapp.INFO: Matched route "_POST_login" (parameters: "_controller": "{}", "_route": "_POST_login") [] []
[2014-08-28 14:15:03] myapp.INFO: > POST /dev/admin/login [] []
[2014-08-28 14:15:03] myapp.CRITICAL: Twig_Error_Runtime: Variable "username" does not exist in "login.twig" at line 65 (uncaught exception) at /var/www/www.spikaent.com/dev/spikaenterprise_web/Admin/vendor/twig/twig/lib/Twig/Template.php line 332 {"exception":"[object] (Twig_Error_Runtime: Variable \"username\" does not exist in \"login.twig\" at line 65 at /var/www/www.spikaent.com/dev/spikaenterprise_web/Admin/vendor/twig/twig/lib/Twig/Template.php:332)"} []
[2014-08-28 14:15:03] myapp.INFO: < 500 [] []
[2014-08-28 14:15:17] myapp.INFO: Matched route "_POST_login" (parameters: "_controller": "{}", "_route": "_POST_login") [] []
[2014-08-28 14:15:17] myapp.INFO: > POST /dev/admin/login [] []
[2014-08-28 14:15:17] myapp.INFO: < 302 https://www.spikaent.com/dev/admin/dashboard [] []
[2014-08-28 14:15:17] myapp.INFO: Matched route "" (parameters: "_controller": "{}", "_route": "null", "url": "/dev/admin/dashboard/") [] []
[2014-08-28 14:15:17] myapp.INFO: > GET /dev/admin/dashboard [] []
[2014-08-28 14:15:17] myapp.INFO: < 301 /dev/admin/dashboard/ [] []
[2014-08-28 14:15:17] myapp.INFO: Matched route "_dashboardGET_" (parameters: "_controller": "{}", "_route": "_dashboardGET_") [] []
[2014-08-28 14:15:17] myapp.INFO: > GET /dev/admin/dashboard/ [] []
[2014-08-28 14:15:17] myapp.INFO: < 200 [] []
[2014-08-28 14:15:18] myapp.ERROR: Symfony\Component\HttpKernel\Exception\NotFoundHttpException: No route found for "GET /dashboard/favicon.ico" (uncaught exception) at /var/www/www.spikaent.com/dev/spikaenterprise_web/Admin/vendor/symfony/http-kernel/Symfony/Component/HttpKernel/EventListener/RouterListener.php line 145 {"exception":"[object] (Symfony\\Component\\HttpKernel\\Exception\\NotFoundHttpException: No route found for \"GET /dashboard/favicon.ico\" at /var/www/www.spikaent.com/dev/spikaenterprise_web/Admin/vendor/symfony/http-kernel/Symfony/Component/HttpKernel/EventListener/RouterListener.php:145, Symfony\\Component\\Routing\\Exception\\ResourceNotFoundException:  at /var/www/www.spikaent.com/dev/spikaenterprise_web/Admin/vendor/symfony/routing/Symfony/Component/Routing/Matcher/UrlMatcher.php:96)"} []
[2014-08-28 14:15:18] myapp.INFO: < 404 [] []
[2014-08-28 14:15:25] myapp.INFO: Matched route "" (parameters: "_controller": "{}", "_route": "null", "url": "/dev/admin/users/") [] []
[2014-08-28 14:15:25] myapp.INFO: > GET /dev/admin/users [] []
[2014-08-28 14:15:25] myapp.INFO: < 301 /dev/admin/users/ [] []
[2014-08-28 14:15:25] myapp.INFO: Matched route "_usersGET_" (parameters: "_controller": "{}", "_route": "_usersGET_") [] []
[2014-08-28 14:15:25] myapp.INFO: > GET /dev/admin/users/ [] []
[2014-08-28 14:15:26] myapp.INFO: < 200 [] []
[2014-08-28 14:15:26] myapp.ERROR: Symfony\Component\HttpKernel\Exception\NotFoundHttpException: No route found for "GET /users/favicon.ico" (uncaught exception) at /var/www/www.spikaent.com/dev/spikaenterprise_web/Admin/vendor/symfony/http-kernel/Symfony/Component/HttpKernel/EventListener/RouterListener.php line 145 {"exception":"[object] (Symfony\\Component\\HttpKernel\\Exception\\NotFoundHttpException: No route found for \"GET /users/favicon.ico\" at /var/www/www.spikaent.com/dev/spikaenterprise_web/Admin/vendor/symfony/http-kernel/Symfony/Component/HttpKernel/EventListener/RouterListener.php:145, Symfony\\Component\\Routing\\Exception\\ResourceNotFoundException:  at /var/www/www.spikaent.com/dev/spikaenterprise_web/Admin/vendor/symfony/routing/Symfony/Component/Routing/Matcher/UrlMatcher.php:96)"} []
[2014-08-28 14:15:26] myapp.INFO: < 404 [] []
[2014-08-28 14:15:28] myapp.INFO: Matched route "_usersGET_add" (parameters: "_controller": "{}", "_route": "_usersGET_add") [] []
[2014-08-28 14:15:28] myapp.INFO: > GET /dev/admin/users/add [] []
[2014-08-28 14:15:28] myapp.INFO: < 200 [] []
[2014-08-28 14:16:34] myapp.INFO: Matched route "_usersPOST_add" (parameters: "_controller": "{}", "_route": "_usersPOST_add") [] []
[2014-08-28 14:16:34] myapp.INFO: > POST /dev/admin/users/add [] []
[2014-08-28 14:16:34] myapp.CRITICAL: Symfony\Component\HttpFoundation\File\Exception\FileException: Unable to create the "/var/www/www.spikaent.com/dev/spikaenterprise_web/Admin/wwwroot/tmp" directory (uncaught exception) at /var/www/www.spikaent.com/dev/spikaenterprise_web/Admin/vendor/symfony/http-foundation/Symfony/Component/HttpFoundation/File/File.php line 134 {"exception":"[object] (Symfony\\Component\\HttpFoundation\\File\\Exception\\FileException: Unable to create the \"/var/www/www.spikaent.com/dev/spikaenterprise_web/Admin/wwwroot/tmp\" directory at /var/www/www.spikaent.com/dev/spikaenterprise_web/Admin/vendor/symfony/http-foundation/Symfony/Component/HttpFoundation/File/File.php:134)"} []
[2014-08-28 14:16:34] myapp.INFO: < 500 [] []
[2014-08-28 14:16:59] myapp.INFO: Matched route "_usersPOST_add" (parameters: "_controller": "{}", "_route": "_usersPOST_add") [] []
[2014-08-28 14:16:59] myapp.INFO: > POST /dev/admin/users/add [] []
[2014-08-28 14:16:59] myapp.INFO: < 200 [] []
[2014-08-28 14:18:35] myapp.INFO: Matched route "" (parameters: "_controller": "{}", "_route": "null", "url": "/dev/admin/groups/") [] []
[2014-08-28 14:18:35] myapp.INFO: > GET /dev/admin/groups [] []
[2014-08-28 14:18:35] myapp.INFO: < 301 /dev/admin/groups/ [] []
[2014-08-28 14:18:35] myapp.INFO: Matched route "_groupsGET_" (parameters: "_controller": "{}", "_route": "_groupsGET_") [] []
[2014-08-28 14:18:35] myapp.INFO: > GET /dev/admin/groups/ [] []
[2014-08-28 14:18:35] myapp.INFO: < 200 [] []
[2014-08-28 14:18:36] myapp.ERROR: Symfony\Component\HttpKernel\Exception\NotFoundHttpException: No route found for "GET /groups/favicon.ico" (uncaught exception) at /var/www/www.spikaent.com/dev/spikaenterprise_web/Admin/vendor/symfony/http-kernel/Symfony/Component/HttpKernel/EventListener/RouterListener.php line 145 {"exception":"[object] (Symfony\\Component\\HttpKernel\\Exception\\NotFoundHttpException: No route found for \"GET /groups/favicon.ico\" at /var/www/www.spikaent.com/dev/spikaenterprise_web/Admin/vendor/symfony/http-kernel/Symfony/Component/HttpKernel/EventListener/RouterListener.php:145, Symfony\\Component\\Routing\\Exception\\ResourceNotFoundException:  at /var/www/www.spikaent.com/dev/spikaenterprise_web/Admin/vendor/symfony/routing/Symfony/Component/Routing/Matcher/UrlMatcher.php:96)"} []
[2014-08-28 14:18:36] myapp.INFO: < 404 [] []
[2014-08-28 14:18:39] myapp.INFO: Matched route "_groupsGET_add" (parameters: "_controller": "{}", "_route": "_groupsGET_add") [] []
[2014-08-28 14:18:39] myapp.INFO: > GET /dev/admin/groups/add [] []
[2014-08-28 14:18:39] myapp.INFO: < 200 [] []
[2014-08-28 14:18:47] myapp.INFO: Matched route "_groupsPOST_add" (parameters: "_controller": "{}", "_route": "_groupsPOST_add") [] []
[2014-08-28 14:18:47] myapp.INFO: > POST /dev/admin/groups/add [] []
[2014-08-28 14:18:47] myapp.INFO: < 200 [] []
[2014-08-28 14:18:57] myapp.INFO: Matched route "" (parameters: "_controller": "{}", "_route": "null", "url": "/dev/admin/groups/") [] []
[2014-08-28 14:18:57] myapp.INFO: > GET /dev/admin/groups [] []
[2014-08-28 14:18:57] myapp.INFO: < 301 /dev/admin/groups/ [] []
[2014-08-28 14:18:57] myapp.INFO: Matched route "_groupsGET_" (parameters: "_controller": "{}", "_route": "_groupsGET_") [] []
[2014-08-28 14:18:57] myapp.INFO: > GET /dev/admin/groups/ [] []
[2014-08-28 14:18:57] myapp.INFO: < 200 [] []
[2014-08-28 14:19:01] myapp.INFO: Matched route "_groupsGET_members_groupId" (parameters: "_controller": "{}", "groupId": "8", "_route": "_groupsGET_members_groupId") [] []
[2014-08-28 14:19:01] myapp.INFO: > GET /dev/admin/groups/members/8 [] []
[2014-08-28 14:19:02] myapp.INFO: < 200 [] []
[2014-08-28 14:19:02] myapp.INFO: Matched route "_groupsGET_members_groupId" (parameters: "_controller": "{}", "groupId": "favicon.ico", "_route": "_groupsGET_members_groupId") [] []
[2014-08-28 14:19:02] myapp.INFO: > GET /dev/admin/groups/members/favicon.ico [] []
[2014-08-28 14:19:02] myapp.CRITICAL: Twig_Error_Runtime: Impossible to access an attribute ("image_thumb") on a boolean variable ("") in "groups_member.twig" at line 65 (uncaught exception) at /var/www/www.spikaent.com/dev/spikaenterprise_web/Admin/vendor/twig/twig/lib/Twig/Template.php line 389 {"exception":"[object] (Twig_Error_Runtime: Impossible to access an attribute (\"image_thumb\") on a boolean variable (\"\") in \"groups_member.twig\" at line 65 at /var/www/www.spikaent.com/dev/spikaenterprise_web/Admin/vendor/twig/twig/lib/Twig/Template.php:389)"} []
[2014-08-28 14:19:02] myapp.INFO: < 500 [] []
[2014-08-28 14:30:59] myapp.INFO: Matched route "_GET_" (parameters: "_controller": "{}", "_route": "_GET_") [] []
[2014-08-28 14:30:59] myapp.INFO: > GET /dev/admin/ [] []
[2014-08-28 14:30:59] myapp.INFO: < 200 [] []
[2014-08-28 14:31:19] myapp.INFO: Matched route "_POST_login" (parameters: "_controller": "{}", "_route": "_POST_login") [] []
[2014-08-28 14:31:19] myapp.INFO: > POST /dev/admin/login [] []
[2014-08-28 14:31:19] myapp.CRITICAL: Twig_Error_Runtime: Variable "username" does not exist in "login.twig" at line 65 (uncaught exception) at /var/www/www.spikaent.com/dev/spikaenterprise_web/Admin/vendor/twig/twig/lib/Twig/Template.php line 332 {"exception":"[object] (Twig_Error_Runtime: Variable \"username\" does not exist in \"login.twig\" at line 65 at /var/www/www.spikaent.com/dev/spikaenterprise_web/Admin/vendor/twig/twig/lib/Twig/Template.php:332)"} []
[2014-08-28 14:31:19] myapp.INFO: < 500 [] []
[2014-08-28 14:32:07] myapp.INFO: Matched route "_POST_login" (parameters: "_controller": "{}", "_route": "_POST_login") [] []
[2014-08-28 14:32:07] myapp.INFO: > POST /dev/admin/login [] []
[2014-08-28 14:32:07] myapp.INFO: < 302 https://www.spikaent.com/dev/admin/dashboard [] []
[2014-08-28 14:32:07] myapp.INFO: Matched route "" (parameters: "_controller": "{}", "_route": "null", "url": "/dev/admin/dashboard/") [] []
[2014-08-28 14:32:07] myapp.INFO: > GET /dev/admin/dashboard [] []
[2014-08-28 14:32:07] myapp.INFO: < 301 /dev/admin/dashboard/ [] []
[2014-08-28 14:32:07] myapp.INFO: Matched route "_dashboardGET_" (parameters: "_controller": "{}", "_route": "_dashboardGET_") [] []
[2014-08-28 14:32:07] myapp.INFO: > GET /dev/admin/dashboard/ [] []
[2014-08-28 14:32:07] myapp.INFO: < 200 [] []
[2014-08-28 14:32:08] myapp.ERROR: Symfony\Component\HttpKernel\Exception\NotFoundHttpException: No route found for "GET /dashboard/favicon.ico" (uncaught exception) at /var/www/www.spikaent.com/dev/spikaenterprise_web/Admin/vendor/symfony/http-kernel/Symfony/Component/HttpKernel/EventListener/RouterListener.php line 145 {"exception":"[object] (Symfony\\Component\\HttpKernel\\Exception\\NotFoundHttpException: No route found for \"GET /dashboard/favicon.ico\" at /var/www/www.spikaent.com/dev/spikaenterprise_web/Admin/vendor/symfony/http-kernel/Symfony/Component/HttpKernel/EventListener/RouterListener.php:145, Symfony\\Component\\Routing\\Exception\\ResourceNotFoundException:  at /var/www/www.spikaent.com/dev/spikaenterprise_web/Admin/vendor/symfony/routing/Symfony/Component/Routing/Matcher/UrlMatcher.php:96)"} []
[2014-08-28 14:32:08] myapp.INFO: < 404 [] []
[2014-08-28 14:32:09] myapp.INFO: Matched route "_GET_" (parameters: "_controller": "{}", "_route": "_GET_") [] []
[2014-08-28 14:32:09] myapp.INFO: > GET /dev/admin/ [] []
[2014-08-28 14:32:10] myapp.INFO: < 200 [] []
[2014-08-28 14:32:15] myapp.INFO: Matched route "" (parameters: "_controller": "{}", "_route": "null", "url": "/dev/admin/users/") [] []
[2014-08-28 14:32:15] myapp.INFO: > GET /dev/admin/users [] []
[2014-08-28 14:32:15] myapp.INFO: < 301 /dev/admin/users/ [] []
[2014-08-28 14:32:16] myapp.INFO: Matched route "_usersGET_" (parameters: "_controller": "{}", "_route": "_usersGET_") [] []
[2014-08-28 14:32:16] myapp.INFO: > GET /dev/admin/users/ [] []
[2014-08-28 14:32:16] myapp.INFO: < 200 [] []
[2014-08-28 14:32:16] myapp.ERROR: Symfony\Component\HttpKernel\Exception\NotFoundHttpException: No route found for "GET /users/favicon.ico" (uncaught exception) at /var/www/www.spikaent.com/dev/spikaenterprise_web/Admin/vendor/symfony/http-kernel/Symfony/Component/HttpKernel/EventListener/RouterListener.php line 145 {"exception":"[object] (Symfony\\Component\\HttpKernel\\Exception\\NotFoundHttpException: No route found for \"GET /users/favicon.ico\" at /var/www/www.spikaent.com/dev/spikaenterprise_web/Admin/vendor/symfony/http-kernel/Symfony/Component/HttpKernel/EventListener/RouterListener.php:145, Symfony\\Component\\Routing\\Exception\\ResourceNotFoundException:  at /var/www/www.spikaent.com/dev/spikaenterprise_web/Admin/vendor/symfony/routing/Symfony/Component/Routing/Matcher/UrlMatcher.php:96)"} []
[2014-08-28 14:32:16] myapp.INFO: < 404 [] []
[2014-08-28 14:32:24] myapp.INFO: Matched route "_usersGET_add" (parameters: "_controller": "{}", "_route": "_usersGET_add") [] []
[2014-08-28 14:32:24] myapp.INFO: > GET /dev/admin/users/add [] []
[2014-08-28 14:32:24] myapp.INFO: < 200 [] []
[2014-08-28 14:34:15] myapp.INFO: Matched route "_usersPOST_add" (parameters: "_controller": "{}", "_route": "_usersPOST_add") [] []
[2014-08-28 14:34:15] myapp.INFO: > POST /dev/admin/users/add [] []
[2014-08-28 14:34:15] myapp.CRITICAL: Symfony\Component\HttpFoundation\File\Exception\FileException: Unable to create the "/var/www/www.spikaent.com/dev/spikaenterprise_web/Admin/wwwroot/tmp" directory (uncaught exception) at /var/www/www.spikaent.com/dev/spikaenterprise_web/Admin/vendor/symfony/http-foundation/Symfony/Component/HttpFoundation/File/File.php line 134 {"exception":"[object] (Symfony\\Component\\HttpFoundation\\File\\Exception\\FileException: Unable to create the \"/var/www/www.spikaent.com/dev/spikaenterprise_web/Admin/wwwroot/tmp\" directory at /var/www/www.spikaent.com/dev/spikaenterprise_web/Admin/vendor/symfony/http-foundation/Symfony/Component/HttpFoundation/File/File.php:134)"} []
[2014-08-28 14:34:15] myapp.INFO: < 500 [] []
[2014-08-28 14:34:36] myapp.INFO: Matched route "" (parameters: "_controller": "{}", "_route": "null", "url": "/dev/admin/users/") [] []
[2014-08-28 14:34:36] myapp.INFO: > GET /dev/admin/users [] []
[2014-08-28 14:34:36] myapp.INFO: < 301 /dev/admin/users/ [] []
[2014-08-28 14:34:37] myapp.INFO: Matched route "_usersGET_" (parameters: "_controller": "{}", "_route": "_usersGET_") [] []
[2014-08-28 14:34:37] myapp.INFO: > GET /dev/admin/users/ [] []
[2014-08-28 14:34:37] myapp.INFO: < 200 [] []
[2014-08-28 14:34:38] myapp.INFO: Matched route "_usersGET_add" (parameters: "_controller": "{}", "_route": "_usersGET_add") [] []
[2014-08-28 14:34:38] myapp.INFO: > GET /dev/admin/users/add [] []
[2014-08-28 14:34:38] myapp.INFO: < 200 [] []
[2014-08-28 14:34:56] myapp.INFO: Matched route "_usersPOST_add" (parameters: "_controller": "{}", "_route": "_usersPOST_add") [] []
[2014-08-28 14:34:56] myapp.INFO: > POST /dev/admin/users/add [] []
[2014-08-28 14:34:56] myapp.INFO: < 200 [] []
[2014-08-28 14:34:59] myapp.INFO: Matched route "" (parameters: "_controller": "{}", "_route": "null", "url": "/dev/admin/users/") [] []
[2014-08-28 14:34:59] myapp.INFO: > GET /dev/admin/users [] []
[2014-08-28 14:34:59] myapp.INFO: < 301 /dev/admin/users/ [] []
[2014-08-28 14:34:59] myapp.INFO: Matched route "_usersGET_" (parameters: "_controller": "{}", "_route": "_usersGET_") [] []
[2014-08-28 14:34:59] myapp.INFO: > GET /dev/admin/users/ [] []
[2014-08-28 14:34:59] myapp.INFO: < 200 [] []
[2014-08-28 14:37:34] myapp.ERROR: Symfony\Component\HttpKernel\Exception\NotFoundHttpException: No route found for "GET /users/login.html" (from "https://www.spikaent.com/dev/admin/users/") (uncaught exception) at /var/www/www.spikaent.com/dev/spikaenterprise_web/Admin/vendor/symfony/http-kernel/Symfony/Component/HttpKernel/EventListener/RouterListener.php line 145 {"exception":"[object] (Symfony\\Component\\HttpKernel\\Exception\\NotFoundHttpException: No route found for \"GET /users/login.html\" (from \"https://www.spikaent.com/dev/admin/users/\") at /var/www/www.spikaent.com/dev/spikaenterprise_web/Admin/vendor/symfony/http-kernel/Symfony/Component/HttpKernel/EventListener/RouterListener.php:145, Symfony\\Component\\Routing\\Exception\\ResourceNotFoundException:  at /var/www/www.spikaent.com/dev/spikaenterprise_web/Admin/vendor/symfony/routing/Symfony/Component/Routing/Matcher/UrlMatcher.php:96)"} []
[2014-08-28 14:37:34] myapp.INFO: < 404 [] []
[2014-08-28 15:15:55] myapp.INFO: Matched route "_GET_" (parameters: "_controller": "{}", "_route": "_GET_") [] []
[2014-08-28 15:15:55] myapp.INFO: > GET /dev/admin/ [] []
[2014-08-28 15:15:55] myapp.INFO: < 200 [] []
[2014-08-28 15:16:00] myapp.INFO: Matched route "_POST_login" (parameters: "_controller": "{}", "_route": "_POST_login") [] []
[2014-08-28 15:16:00] myapp.INFO: > POST /dev/admin/login [] []
[2014-08-28 15:16:00] myapp.INFO: < 302 https://www.spikaent.com/dev/admin/dashboard [] []
[2014-08-28 15:16:00] myapp.INFO: Matched route "" (parameters: "_controller": "{}", "_route": "null", "url": "/dev/admin/dashboard/") [] []
[2014-08-28 15:16:00] myapp.INFO: > GET /dev/admin/dashboard [] []
[2014-08-28 15:16:00] myapp.INFO: < 301 /dev/admin/dashboard/ [] []
[2014-08-28 15:16:00] myapp.INFO: Matched route "_dashboardGET_" (parameters: "_controller": "{}", "_route": "_dashboardGET_") [] []
[2014-08-28 15:16:00] myapp.INFO: > GET /dev/admin/dashboard/ [] []
[2014-08-28 15:16:00] myapp.INFO: < 200 [] []
[2014-08-28 15:16:03] myapp.INFO: Matched route "" (parameters: "_controller": "{}", "_route": "null", "url": "/dev/admin/groups/") [] []
[2014-08-28 15:16:03] myapp.INFO: > GET /dev/admin/groups [] []
[2014-08-28 15:16:03] myapp.INFO: < 301 /dev/admin/groups/ [] []
[2014-08-28 15:16:03] myapp.INFO: Matched route "_groupsGET_" (parameters: "_controller": "{}", "_route": "_groupsGET_") [] []
[2014-08-28 15:16:03] myapp.INFO: > GET /dev/admin/groups/ [] []
[2014-08-28 15:16:03] myapp.INFO: < 200 [] []
[2014-08-28 15:16:07] myapp.INFO: Matched route "_groupsGET_members_groupId" (parameters: "_controller": "{}", "groupId": "8", "_route": "_groupsGET_members_groupId") [] []
[2014-08-28 15:16:07] myapp.INFO: > GET /dev/admin/groups/members/8 [] []
[2014-08-28 15:16:07] myapp.INFO: < 200 [] []
[2014-08-28 15:16:08] myapp.INFO: Matched route "_groupsGET_members_groupId" (parameters: "_controller": "{}", "groupId": "favicon.ico", "_route": "_groupsGET_members_groupId") [] []
[2014-08-28 15:16:08] myapp.INFO: > GET /dev/admin/groups/members/favicon.ico [] []
[2014-08-28 15:16:08] myapp.CRITICAL: Twig_Error_Runtime: Impossible to access an attribute ("image_thumb") on a boolean variable ("") in "groups_member.twig" at line 65 (uncaught exception) at /var/www/www.spikaent.com/dev/spikaenterprise_web/Admin/vendor/twig/twig/lib/Twig/Template.php line 389 {"exception":"[object] (Twig_Error_Runtime: Impossible to access an attribute (\"image_thumb\") on a boolean variable (\"\") in \"groups_member.twig\" at line 65 at /var/www/www.spikaent.com/dev/spikaenterprise_web/Admin/vendor/twig/twig/lib/Twig/Template.php:389)"} []
[2014-08-28 15:16:08] myapp.INFO: < 500 [] []
[2014-08-28 15:16:10] myapp.INFO: Matched route "_groupsPOST_members_groupId" (parameters: "_controller": "{}", "groupId": "8", "_route": "_groupsPOST_members_groupId") [] []
[2014-08-28 15:16:10] myapp.INFO: > POST /dev/admin/groups/members/8 [] []
[2014-08-28 15:16:10] myapp.INFO: < 302 https://www.spikaent.com/dev/admin/groups/members/8 [] []
[2014-08-28 15:16:12] myapp.INFO: Matched route "_groupsGET_members_groupId" (parameters: "_controller": "{}", "groupId": "8", "_route": "_groupsGET_members_groupId") [] []
[2014-08-28 15:16:12] myapp.INFO: > GET /dev/admin/groups/members/8 [] []
[2014-08-28 15:16:12] myapp.INFO: < 200 [] []
[2014-08-28 15:16:15] myapp.INFO: Matched route "_groupsGET_members_groupId" (parameters: "_controller": "{}", "groupId": "favicon.ico", "_route": "_groupsGET_members_groupId") [] []
[2014-08-28 15:16:15] myapp.INFO: > GET /dev/admin/groups/members/favicon.ico [] []
[2014-08-28 15:16:15] myapp.CRITICAL: Twig_Error_Runtime: Impossible to access an attribute ("image_thumb") on a boolean variable ("") in "groups_member.twig" at line 65 (uncaught exception) at /var/www/www.spikaent.com/dev/spikaenterprise_web/Admin/vendor/twig/twig/lib/Twig/Template.php line 389 {"exception":"[object] (Twig_Error_Runtime: Impossible to access an attribute (\"image_thumb\") on a boolean variable (\"\") in \"groups_member.twig\" at line 65 at /var/www/www.spikaent.com/dev/spikaenterprise_web/Admin/vendor/twig/twig/lib/Twig/Template.php:389)"} []
[2014-08-28 15:16:15] myapp.INFO: < 500 [] []
[2014-08-28 15:16:39] myapp.INFO: Matched route "_groupsPOST_members_groupId" (parameters: "_controller": "{}", "groupId": "8", "_route": "_groupsPOST_members_groupId") [] []
[2014-08-28 15:16:39] myapp.INFO: > POST /dev/admin/groups/members/8 [] []
[2014-08-28 15:16:39] myapp.INFO: < 302 https://www.spikaent.com/dev/admin/groups/members/8 [] []
[2014-08-28 15:16:39] myapp.INFO: Matched route "_groupsGET_members_groupId" (parameters: "_controller": "{}", "groupId": "8", "_route": "_groupsGET_members_groupId") [] []
[2014-08-28 15:16:39] myapp.INFO: > GET /dev/admin/groups/members/8 [] []
[2014-08-28 15:16:39] myapp.INFO: < 200 [] []
[2014-08-28 15:16:40] myapp.INFO: Matched route "_groupsGET_members_groupId" (parameters: "_controller": "{}", "groupId": "favicon.ico", "_route": "_groupsGET_members_groupId") [] []
[2014-08-28 15:16:40] myapp.INFO: > GET /dev/admin/groups/members/favicon.ico [] []
[2014-08-28 15:16:40] myapp.CRITICAL: Twig_Error_Runtime: Impossible to access an attribute ("image_thumb") on a boolean variable ("") in "groups_member.twig" at line 65 (uncaught exception) at /var/www/www.spikaent.com/dev/spikaenterprise_web/Admin/vendor/twig/twig/lib/Twig/Template.php line 389 {"exception":"[object] (Twig_Error_Runtime: Impossible to access an attribute (\"image_thumb\") on a boolean variable (\"\") in \"groups_member.twig\" at line 65 at /var/www/www.spikaent.com/dev/spikaenterprise_web/Admin/vendor/twig/twig/lib/Twig/Template.php:389)"} []
[2014-08-28 15:16:40] myapp.INFO: < 500 [] []
[2014-08-28 15:20:43] myapp.INFO: Matched route "_GET_" (parameters: "_controller": "{}", "_route": "_GET_") [] []
[2014-08-28 15:20:43] myapp.INFO: > GET /dev/admin/ [] []
[2014-08-28 15:20:43] myapp.INFO: < 200 [] []
[2014-08-28 15:20:52] myapp.INFO: Matched route "_POST_login" (parameters: "_controller": "{}", "_route": "_POST_login") [] []
[2014-08-28 15:20:52] myapp.INFO: > POST /dev/admin/login [] []
[2014-08-28 15:20:52] myapp.INFO: < 302 https://www.spikaent.com/dev/admin/dashboard [] []
[2014-08-28 15:20:53] myapp.INFO: Matched route "" (parameters: "_controller": "{}", "_route": "null", "url": "/dev/admin/dashboard/") [] []
[2014-08-28 15:20:53] myapp.INFO: > GET /dev/admin/dashboard [] []
[2014-08-28 15:20:53] myapp.INFO: < 301 /dev/admin/dashboard/ [] []
[2014-08-28 15:20:53] myapp.INFO: Matched route "_dashboardGET_" (parameters: "_controller": "{}", "_route": "_dashboardGET_") [] []
[2014-08-28 15:20:53] myapp.INFO: > GET /dev/admin/dashboard/ [] []
[2014-08-28 15:20:53] myapp.INFO: < 200 [] []
[2014-08-28 15:20:56] myapp.ERROR: Symfony\Component\HttpKernel\Exception\NotFoundHttpException: No route found for "GET /dashboard/favicon.ico" (uncaught exception) at /var/www/www.spikaent.com/dev/spikaenterprise_web/Admin/vendor/symfony/http-kernel/Symfony/Component/HttpKernel/EventListener/RouterListener.php line 145 {"exception":"[object] (Symfony\\Component\\HttpKernel\\Exception\\NotFoundHttpException: No route found for \"GET /dashboard/favicon.ico\" at /var/www/www.spikaent.com/dev/spikaenterprise_web/Admin/vendor/symfony/http-kernel/Symfony/Component/HttpKernel/EventListener/RouterListener.php:145, Symfony\\Component\\Routing\\Exception\\ResourceNotFoundException:  at /var/www/www.spikaent.com/dev/spikaenterprise_web/Admin/vendor/symfony/routing/Symfony/Component/Routing/Matcher/UrlMatcher.php:96)"} []
[2014-08-28 15:20:56] myapp.INFO: < 404 [] []
[2014-08-28 15:21:12] myapp.INFO: Matched route "" (parameters: "_controller": "{}", "_route": "null", "url": "/dev/admin/users/") [] []
[2014-08-28 15:21:12] myapp.INFO: > GET /dev/admin/users [] []
[2014-08-28 15:21:12] myapp.INFO: < 301 /dev/admin/users/ [] []
[2014-08-28 15:21:12] myapp.INFO: Matched route "_usersGET_" (parameters: "_controller": "{}", "_route": "_usersGET_") [] []
[2014-08-28 15:21:12] myapp.INFO: > GET /dev/admin/users/ [] []
[2014-08-28 15:21:12] myapp.INFO: < 200 [] []
[2014-08-28 15:21:13] myapp.ERROR: Symfony\Component\HttpKernel\Exception\NotFoundHttpException: No route found for "GET /users/favicon.ico" (uncaught exception) at /var/www/www.spikaent.com/dev/spikaenterprise_web/Admin/vendor/symfony/http-kernel/Symfony/Component/HttpKernel/EventListener/RouterListener.php line 145 {"exception":"[object] (Symfony\\Component\\HttpKernel\\Exception\\NotFoundHttpException: No route found for \"GET /users/favicon.ico\" at /var/www/www.spikaent.com/dev/spikaenterprise_web/Admin/vendor/symfony/http-kernel/Symfony/Component/HttpKernel/EventListener/RouterListener.php:145, Symfony\\Component\\Routing\\Exception\\ResourceNotFoundException:  at /var/www/www.spikaent.com/dev/spikaenterprise_web/Admin/vendor/symfony/routing/Symfony/Component/Routing/Matcher/UrlMatcher.php:96)"} []
[2014-08-28 15:21:13] myapp.INFO: < 404 [] []
[2014-08-28 15:21:14] myapp.INFO: Matched route "_usersGET_add" (parameters: "_controller": "{}", "_route": "_usersGET_add") [] []
[2014-08-28 15:21:14] myapp.INFO: > GET /dev/admin/users/add [] []
[2014-08-28 15:21:14] myapp.INFO: < 200 [] []
[2014-08-28 15:21:33] myapp.INFO: Matched route "_usersPOST_add" (parameters: "_controller": "{}", "_route": "_usersPOST_add") [] []
[2014-08-28 15:21:33] myapp.INFO: > POST /dev/admin/users/add [] []
[2014-08-28 15:21:33] myapp.INFO: < 200 [] []
[2014-08-28 15:21:38] myapp.INFO: Matched route "" (parameters: "_controller": "{}", "_route": "null", "url": "/dev/admin/users/") [] []
[2014-08-28 15:21:38] myapp.INFO: > GET /dev/admin/users [] []
[2014-08-28 15:21:38] myapp.INFO: < 301 /dev/admin/users/ [] []
[2014-08-28 15:21:38] myapp.INFO: Matched route "_usersGET_" (parameters: "_controller": "{}", "_route": "_usersGET_") [] []
[2014-08-28 15:21:38] myapp.INFO: > GET /dev/admin/users/ [] []
[2014-08-28 15:21:39] myapp.INFO: < 200 [] []
[2014-08-28 15:21:42] myapp.INFO: Matched route "_usersGET_view_userId" (parameters: "_controller": "{}", "userId": "39", "_route": "_usersGET_view_userId") [] []
[2014-08-28 15:21:42] myapp.INFO: > GET /dev/admin/users/view/39 [] []
[2014-08-28 15:21:42] myapp.INFO: < 200 [] []
[2014-08-28 15:21:42] myapp.INFO: Matched route "_usersGET_view_userId" (parameters: "_controller": "{}", "userId": "favicon.ico", "_route": "_usersGET_view_userId") [] []
[2014-08-28 15:21:42] myapp.INFO: > GET /dev/admin/users/view/favicon.ico [] []
[2014-08-28 15:21:42] myapp.CRITICAL: Twig_Error_Runtime: Impossible to access an attribute ("username") on a boolean variable ("") in "users_view.twig" at line 42 (uncaught exception) at /var/www/www.spikaent.com/dev/spikaenterprise_web/Admin/vendor/twig/twig/lib/Twig/Template.php line 389 {"exception":"[object] (Twig_Error_Runtime: Impossible to access an attribute (\"username\") on a boolean variable (\"\") in \"users_view.twig\" at line 42 at /var/www/www.spikaent.com/dev/spikaenterprise_web/Admin/vendor/twig/twig/lib/Twig/Template.php:389)"} []
[2014-08-28 15:21:42] myapp.INFO: < 500 [] []
[2014-08-28 15:22:32] myapp.INFO: Matched route "_usersGET_edit_userId" (parameters: "_controller": "{}", "userId": "39", "_route": "_usersGET_edit_userId") [] []
[2014-08-28 15:22:32] myapp.INFO: > GET /dev/admin/users/edit/39 [] []
[2014-08-28 15:22:32] myapp.INFO: < 200 [] []
[2014-08-28 15:22:33] myapp.INFO: Matched route "_usersGET_edit_userId" (parameters: "_controller": "{}", "userId": "favicon.ico", "_route": "_usersGET_edit_userId") [] []
[2014-08-28 15:22:33] myapp.INFO: > GET /dev/admin/users/edit/favicon.ico [] []
[2014-08-28 15:22:33] myapp.INFO: < 302 https://www.spikaent.com/dev/admin/users [] []
[2014-08-28 15:22:33] myapp.INFO: Matched route "" (parameters: "_controller": "{}", "_route": "null", "url": "/dev/admin/users/") [] []
[2014-08-28 15:22:33] myapp.INFO: > GET /dev/admin/users [] []
[2014-08-28 15:22:33] myapp.INFO: < 301 /dev/admin/users/ [] []
[2014-08-28 15:22:33] myapp.INFO: Matched route "_usersGET_" (parameters: "_controller": "{}", "_route": "_usersGET_") [] []
[2014-08-28 15:22:33] myapp.INFO: > GET /dev/admin/users/ [] []
[2014-08-28 15:22:33] myapp.INFO: < 200 [] []
[2014-08-28 15:22:51] myapp.INFO: Matched route "_usersPOST_edit_userId" (parameters: "_controller": "{}", "userId": "39", "_route": "_usersPOST_edit_userId") [] []
[2014-08-28 15:22:51] myapp.INFO: > POST /dev/admin/users/edit/39 [] []
[2014-08-28 15:22:51] myapp.CRITICAL: Symfony\Component\HttpFoundation\File\Exception\FileException: Unable to create the "/var/www/www.spikaent.com/dev/spikaenterprise_web/Admin/wwwroot/tmp" directory (uncaught exception) at /var/www/www.spikaent.com/dev/spikaenterprise_web/Admin/vendor/symfony/http-foundation/Symfony/Component/HttpFoundation/File/File.php line 134 {"exception":"[object] (Symfony\\Component\\HttpFoundation\\File\\Exception\\FileException: Unable to create the \"/var/www/www.spikaent.com/dev/spikaenterprise_web/Admin/wwwroot/tmp\" directory at /var/www/www.spikaent.com/dev/spikaenterprise_web/Admin/vendor/symfony/http-foundation/Symfony/Component/HttpFoundation/File/File.php:134)"} []
[2014-08-28 15:22:51] myapp.INFO: < 500 [] []
[2014-08-28 15:23:59] myapp.INFO: Matched route "_GET_" (parameters: "_controller": "{}", "_route": "_GET_") [] []
[2014-08-28 15:23:59] myapp.INFO: > GET /dev/admin/ [] []
[2014-08-28 15:23:59] myapp.INFO: < 200 [] []
[2014-08-28 15:24:01] myapp.INFO: Matched route "_POST_login" (parameters: "_controller": "{}", "_route": "_POST_login") [] []
[2014-08-28 15:24:01] myapp.INFO: > POST /dev/admin/login [] []
[2014-08-28 15:24:01] myapp.INFO: < 302 https://www.spikaent.com/dev/admin/dashboard [] []
[2014-08-28 15:24:01] myapp.INFO: Matched route "" (parameters: "_controller": "{}", "_route": "null", "url": "/dev/admin/dashboard/") [] []
[2014-08-28 15:24:01] myapp.INFO: > GET /dev/admin/dashboard [] []
[2014-08-28 15:24:01] myapp.INFO: < 301 /dev/admin/dashboard/ [] []
[2014-08-28 15:24:01] myapp.INFO: Matched route "_dashboardGET_" (parameters: "_controller": "{}", "_route": "_dashboardGET_") [] []
[2014-08-28 15:24:01] myapp.INFO: > GET /dev/admin/dashboard/ [] []
[2014-08-28 15:24:01] myapp.INFO: < 200 [] []
[2014-08-28 15:24:06] myapp.INFO: Matched route "" (parameters: "_controller": "{}", "_route": "null", "url": "/dev/admin/groups/") [] []
[2014-08-28 15:24:06] myapp.INFO: > GET /dev/admin/groups [] []
[2014-08-28 15:24:06] myapp.INFO: < 301 /dev/admin/groups/ [] []
[2014-08-28 15:24:06] myapp.INFO: Matched route "_groupsGET_" (parameters: "_controller": "{}", "_route": "_groupsGET_") [] []
[2014-08-28 15:24:06] myapp.INFO: > GET /dev/admin/groups/ [] []
[2014-08-28 15:24:06] myapp.INFO: < 200 [] []
[2014-08-28 15:24:47] myapp.INFO: Matched route "_groupsGET_edit_groupId" (parameters: "_controller": "{}", "groupId": "8", "_route": "_groupsGET_edit_groupId") [] []
[2014-08-28 15:24:47] myapp.INFO: > GET /dev/admin/groups/edit/8 [] []
[2014-08-28 15:24:47] myapp.INFO: < 200 [] []
[2014-08-28 15:24:48] myapp.INFO: Matched route "_groupsGET_edit_groupId" (parameters: "_controller": "{}", "groupId": "favicon.ico", "_route": "_groupsGET_edit_groupId") [] []
[2014-08-28 15:24:48] myapp.INFO: > GET /dev/admin/groups/edit/favicon.ico [] []
[2014-08-28 15:24:48] myapp.INFO: < 302 https://www.spikaent.com/dev/admin/grups [] []
[2014-08-28 15:24:48] myapp.ERROR: Symfony\Component\HttpKernel\Exception\NotFoundHttpException: No route found for "GET /grups" (uncaught exception) at /var/www/www.spikaent.com/dev/spikaenterprise_web/Admin/vendor/symfony/http-kernel/Symfony/Component/HttpKernel/EventListener/RouterListener.php line 145 {"exception":"[object] (Symfony\\Component\\HttpKernel\\Exception\\NotFoundHttpException: No route found for \"GET /grups\" at /var/www/www.spikaent.com/dev/spikaenterprise_web/Admin/vendor/symfony/http-kernel/Symfony/Component/HttpKernel/EventListener/RouterListener.php:145, Symfony\\Component\\Routing\\Exception\\ResourceNotFoundException:  at /var/www/www.spikaent.com/dev/spikaenterprise_web/Admin/vendor/symfony/routing/Symfony/Component/Routing/Matcher/UrlMatcher.php:96)"} []
[2014-08-28 15:24:48] myapp.INFO: < 404 [] []
[2014-08-28 15:24:57] myapp.INFO: Matched route "_groupsPOST_edit_groupId" (parameters: "_controller": "{}", "groupId": "8", "_route": "_groupsPOST_edit_groupId") [] []
[2014-08-28 15:24:57] myapp.INFO: > POST /dev/admin/groups/edit/8 [] []
[2014-08-28 15:24:57] myapp.CRITICAL: Symfony\Component\HttpFoundation\File\Exception\FileException: Unable to create the "/var/www/www.spikaent.com/dev/spikaenterprise_web/Admin/wwwroot/tmp" directory (uncaught exception) at /var/www/www.spikaent.com/dev/spikaenterprise_web/Admin/vendor/symfony/http-foundation/Symfony/Component/HttpFoundation/File/File.php line 134 {"exception":"[object] (Symfony\\Component\\HttpFoundation\\File\\Exception\\FileException: Unable to create the \"/var/www/www.spikaent.com/dev/spikaenterprise_web/Admin/wwwroot/tmp\" directory at /var/www/www.spikaent.com/dev/spikaenterprise_web/Admin/vendor/symfony/http-foundation/Symfony/Component/HttpFoundation/File/File.php:134)"} []
[2014-08-28 15:24:57] myapp.INFO: < 500 [] []
[2014-08-28 15:25:03] myapp.INFO: Matched route "_groupsPOST_edit_groupId" (parameters: "_controller": "{}", "groupId": "8", "_route": "_groupsPOST_edit_groupId") [] []
[2014-08-28 15:25:03] myapp.INFO: > POST /dev/admin/groups/edit/8 [] []
[2014-08-28 15:25:03] myapp.CRITICAL: Symfony\Component\HttpFoundation\File\Exception\FileException: Unable to create the "/var/www/www.spikaent.com/dev/spikaenterprise_web/Admin/wwwroot/tmp" directory (uncaught exception) at /var/www/www.spikaent.com/dev/spikaenterprise_web/Admin/vendor/symfony/http-foundation/Symfony/Component/HttpFoundation/File/File.php line 134 {"exception":"[object] (Symfony\\Component\\HttpFoundation\\File\\Exception\\FileException: Unable to create the \"/var/www/www.spikaent.com/dev/spikaenterprise_web/Admin/wwwroot/tmp\" directory at /var/www/www.spikaent.com/dev/spikaenterprise_web/Admin/vendor/symfony/http-foundation/Symfony/Component/HttpFoundation/File/File.php:134)"} []
[2014-08-28 15:25:03] myapp.INFO: < 500 [] []
[2014-08-28 15:25:17] myapp.INFO: Matched route "_groupsPOST_edit_groupId" (parameters: "_controller": "{}", "groupId": "8", "_route": "_groupsPOST_edit_groupId") [] []
[2014-08-28 15:25:17] myapp.INFO: > POST /dev/admin/groups/edit/8 [] []
[2014-08-28 15:25:17] myapp.CRITICAL: Symfony\Component\HttpFoundation\File\Exception\FileException: Unable to create the "/var/www/www.spikaent.com/dev/spikaenterprise_web/Admin/wwwroot/tmp" directory (uncaught exception) at /var/www/www.spikaent.com/dev/spikaenterprise_web/Admin/vendor/symfony/http-foundation/Symfony/Component/HttpFoundation/File/File.php line 134 {"exception":"[object] (Symfony\\Component\\HttpFoundation\\File\\Exception\\FileException: Unable to create the \"/var/www/www.spikaent.com/dev/spikaenterprise_web/Admin/wwwroot/tmp\" directory at /var/www/www.spikaent.com/dev/spikaenterprise_web/Admin/vendor/symfony/http-foundation/Symfony/Component/HttpFoundation/File/File.php:134)"} []
[2014-08-28 15:25:17] myapp.INFO: < 500 [] []
[2014-08-28 15:25:41] myapp.INFO: Matched route "_GET_" (parameters: "_controller": "{}", "_route": "_GET_") [] []
[2014-08-28 15:25:41] myapp.INFO: > GET /dev/admin/ [] []
[2014-08-28 15:25:41] myapp.INFO: < 200 [] []
[2014-08-28 15:25:44] myapp.INFO: Matched route "_POST_login" (parameters: "_controller": "{}", "_route": "_POST_login") [] []
[2014-08-28 15:25:44] myapp.INFO: > POST /dev/admin/login [] []
[2014-08-28 15:25:44] myapp.INFO: < 302 https://www.spikaent.com/dev/admin/dashboard [] []
[2014-08-28 15:25:44] myapp.INFO: Matched route "" (parameters: "_controller": "{}", "_route": "null", "url": "/dev/admin/dashboard/") [] []
[2014-08-28 15:25:44] myapp.INFO: > GET /dev/admin/dashboard [] []
[2014-08-28 15:25:44] myapp.INFO: < 301 /dev/admin/dashboard/ [] []
[2014-08-28 15:25:44] myapp.INFO: Matched route "_dashboardGET_" (parameters: "_controller": "{}", "_route": "_dashboardGET_") [] []
[2014-08-28 15:25:44] myapp.INFO: > GET /dev/admin/dashboard/ [] []
[2014-08-28 15:25:44] myapp.INFO: < 200 [] []
[2014-08-28 15:25:46] myapp.INFO: Matched route "" (parameters: "_controller": "{}", "_route": "null", "url": "/dev/admin/groups/") [] []
[2014-08-28 15:25:46] myapp.INFO: > GET /dev/admin/groups [] []
[2014-08-28 15:25:46] myapp.INFO: < 301 /dev/admin/groups/ [] []
[2014-08-28 15:25:46] myapp.INFO: Matched route "_groupsGET_" (parameters: "_controller": "{}", "_route": "_groupsGET_") [] []
[2014-08-28 15:25:46] myapp.INFO: > GET /dev/admin/groups/ [] []
[2014-08-28 15:25:46] myapp.INFO: < 200 [] []
[2014-08-28 15:25:47] myapp.ERROR: Symfony\Component\HttpKernel\Exception\NotFoundHttpException: No route found for "GET /groups/favicon.ico" (uncaught exception) at /var/www/www.spikaent.com/dev/spikaenterprise_web/Admin/vendor/symfony/http-kernel/Symfony/Component/HttpKernel/EventListener/RouterListener.php line 145 {"exception":"[object] (Symfony\\Component\\HttpKernel\\Exception\\NotFoundHttpException: No route found for \"GET /groups/favicon.ico\" at /var/www/www.spikaent.com/dev/spikaenterprise_web/Admin/vendor/symfony/http-kernel/Symfony/Component/HttpKernel/EventListener/RouterListener.php:145, Symfony\\Component\\Routing\\Exception\\ResourceNotFoundException:  at /var/www/www.spikaent.com/dev/spikaenterprise_web/Admin/vendor/symfony/routing/Symfony/Component/Routing/Matcher/UrlMatcher.php:96)"} []
[2014-08-28 15:25:47] myapp.INFO: < 404 [] []
[2014-08-28 15:25:49] myapp.INFO: Matched route "_groupsGET_members_groupId" (parameters: "_controller": "{}", "groupId": "8", "_route": "_groupsGET_members_groupId") [] []
[2014-08-28 15:25:49] myapp.INFO: > GET /dev/admin/groups/members/8 [] []
[2014-08-28 15:25:49] myapp.INFO: < 200 [] []
[2014-08-28 15:25:49] myapp.INFO: Matched route "_groupsGET_members_groupId" (parameters: "_controller": "{}", "groupId": "favicon.ico", "_route": "_groupsGET_members_groupId") [] []
[2014-08-28 15:25:49] myapp.INFO: > GET /dev/admin/groups/members/favicon.ico [] []
[2014-08-28 15:25:49] myapp.CRITICAL: Twig_Error_Runtime: Impossible to access an attribute ("image_thumb") on a boolean variable ("") in "groups_member.twig" at line 65 (uncaught exception) at /var/www/www.spikaent.com/dev/spikaenterprise_web/Admin/vendor/twig/twig/lib/Twig/Template.php line 389 {"exception":"[object] (Twig_Error_Runtime: Impossible to access an attribute (\"image_thumb\") on a boolean variable (\"\") in \"groups_member.twig\" at line 65 at /var/www/www.spikaent.com/dev/spikaenterprise_web/Admin/vendor/twig/twig/lib/Twig/Template.php:389)"} []
[2014-08-28 15:25:49] myapp.INFO: < 500 [] []
[2014-08-28 15:25:53] myapp.INFO: Matched route "_groupsPOST_members_groupId" (parameters: "_controller": "{}", "groupId": "8", "_route": "_groupsPOST_members_groupId") [] []
[2014-08-28 15:25:53] myapp.INFO: > POST /dev/admin/groups/members/8 [] []
[2014-08-28 15:25:53] myapp.INFO: < 302 https://www.spikaent.com/dev/admin/groups/members/8 [] []
[2014-08-28 15:25:53] myapp.INFO: Matched route "_groupsGET_members_groupId" (parameters: "_controller": "{}", "groupId": "8", "_route": "_groupsGET_members_groupId") [] []
[2014-08-28 15:25:53] myapp.INFO: > GET /dev/admin/groups/members/8 [] []
[2014-08-28 15:25:53] myapp.INFO: < 200 [] []
[2014-08-28 15:25:53] myapp.INFO: Matched route "_groupsGET_members_groupId" (parameters: "_controller": "{}", "groupId": "favicon.ico", "_route": "_groupsGET_members_groupId") [] []
[2014-08-28 15:25:53] myapp.INFO: > GET /dev/admin/groups/members/favicon.ico [] []
[2014-08-28 15:25:53] myapp.CRITICAL: Twig_Error_Runtime: Impossible to access an attribute ("image_thumb") on a boolean variable ("") in "groups_member.twig" at line 65 (uncaught exception) at /var/www/www.spikaent.com/dev/spikaenterprise_web/Admin/vendor/twig/twig/lib/Twig/Template.php line 389 {"exception":"[object] (Twig_Error_Runtime: Impossible to access an attribute (\"image_thumb\") on a boolean variable (\"\") in \"groups_member.twig\" at line 65 at /var/www/www.spikaent.com/dev/spikaenterprise_web/Admin/vendor/twig/twig/lib/Twig/Template.php:389)"} []
[2014-08-28 15:25:53] myapp.INFO: < 500 [] []
[2014-08-28 15:28:30] myapp.INFO: Matched route "" (parameters: "_controller": "{}", "_route": "null", "url": "/dev/admin/users/") [] []
[2014-08-28 15:28:30] myapp.INFO: > GET /dev/admin/users [] []
[2014-08-28 15:28:30] myapp.INFO: < 301 /dev/admin/users/ [] []
[2014-08-28 15:28:31] myapp.INFO: Matched route "_usersGET_" (parameters: "_controller": "{}", "_route": "_usersGET_") [] []
[2014-08-28 15:28:31] myapp.INFO: > GET /dev/admin/users/ [] []
[2014-08-28 15:28:31] myapp.INFO: < 200 [] []
